{"/home/travis/build/npmtest/node-npmtest-dragula/test.js":{"path":"/home/travis/build/npmtest/node-npmtest-dragula/test.js","s":{"1":2,"2":2,"3":2,"4":2,"5":2,"6":2,"7":2,"8":1,"9":2,"10":2,"11":1,"12":1,"13":1,"14":1,"15":2,"16":2,"17":2,"18":2,"19":1,"20":1,"21":2,"22":2,"23":2,"24":1,"25":1,"26":1,"27":1,"28":1,"29":1,"30":1,"31":1,"32":1,"33":1,"34":1,"35":1,"36":1,"37":1,"38":1,"39":2,"40":2,"41":1,"42":2,"43":2,"44":1,"45":2,"46":2,"47":1,"48":2,"49":2,"50":1,"51":1,"52":1,"53":1,"54":1},"b":{"1":[2,1,1,1],"2":[1,1,1,1],"3":[1,1],"4":[1,1],"5":[1,1],"6":[1,1],"7":[1,1],"8":[1,1],"9":[1,1],"10":[1,1,1],"11":[1,1],"12":[1,1],"13":[1,1],"14":[1,1],"15":[1,1],"16":[1,1],"17":[1,1]},"f":{"1":2,"2":2,"3":2,"4":2,"5":2,"6":1,"7":1,"8":1,"9":2,"10":2,"11":2,"12":2,"13":1},"fnMap":{"1":{"name":"(anonymous_1)","line":12,"loc":{"start":{"line":12,"column":1},"end":{"line":12,"column":13}}},"2":{"name":"(anonymous_2)","line":19,"loc":{"start":{"line":19,"column":5},"end":{"line":19,"column":17}}},"3":{"name":"(anonymous_3)","line":23,"loc":{"start":{"line":23,"column":24},"end":{"line":23,"column":36}}},"4":{"name":"(anonymous_4)","line":61,"loc":{"start":{"line":61,"column":5},"end":{"line":61,"column":17}}},"5":{"name":"(anonymous_5)","line":82,"loc":{"start":{"line":82,"column":5},"end":{"line":82,"column":17}}},"6":{"name":"(anonymous_6)","line":91,"loc":{"start":{"line":91,"column":77},"end":{"line":94,"column":10}}},"7":{"name":"(anonymous_7)","line":112,"loc":{"start":{"line":112,"column":83},"end":{"line":115,"column":10}},"skip":true},"8":{"name":"(anonymous_8)","line":123,"loc":{"start":{"line":123,"column":77},"end":{"line":126,"column":10}},"skip":true},"9":{"name":"(anonymous_9)","line":139,"loc":{"start":{"line":139,"column":12},"end":{"line":139,"column":40}},"skip":true},"10":{"name":"(anonymous_10)","line":147,"loc":{"start":{"line":147,"column":77},"end":{"line":150,"column":10}},"skip":true},"11":{"name":"(anonymous_11)","line":158,"loc":{"start":{"line":158,"column":83},"end":{"line":161,"column":10}},"skip":true},"12":{"name":"(anonymous_12)","line":169,"loc":{"start":{"line":169,"column":79},"end":{"line":172,"column":10}},"skip":true},"13":{"name":"(anonymous_13)","line":180,"loc":{"start":{"line":180,"column":75},"end":{"line":183,"column":10}},"skip":true}},"statementMap":{"1":{"start":{"line":12,"column":0},"end":{"line":195,"column":5}},"2":{"start":{"line":14,"column":4},"end":{"line":14,"column":14}},"3":{"start":{"line":19,"column":4},"end":{"line":56,"column":9}},"4":{"start":{"line":21,"column":8},"end":{"line":21,"column":19}},"5":{"start":{"line":23,"column":8},"end":{"line":35,"column":13}},"6":{"start":{"line":24,"column":12},"end":{"line":34,"column":13}},"7":{"start":{"line":25,"column":16},"end":{"line":28,"column":30}},"8":{"start":{"line":30,"column":16},"end":{"line":33,"column":27}},"9":{"start":{"line":37,"column":8},"end":{"line":39,"column":21}},"10":{"start":{"line":40,"column":8},"end":{"line":53,"column":9}},"11":{"start":{"line":43,"column":12},"end":{"line":46,"column":14}},"12":{"start":{"line":47,"column":12},"end":{"line":47,"column":18}},"13":{"start":{"line":50,"column":12},"end":{"line":51,"column":33}},"14":{"start":{"line":52,"column":12},"end":{"line":52,"column":18}},"15":{"start":{"line":55,"column":8},"end":{"line":55,"column":35}},"16":{"start":{"line":61,"column":4},"end":{"line":63,"column":9}},"17":{"start":{"line":62,"column":8},"end":{"line":62,"column":15}},"18":{"start":{"line":64,"column":4},"end":{"line":77,"column":5}},"19":{"start":{"line":70,"column":8},"end":{"line":70,"column":14}},"20":{"start":{"line":76,"column":8},"end":{"line":76,"column":14}},"21":{"start":{"line":82,"column":4},"end":{"line":84,"column":9}},"22":{"start":{"line":83,"column":8},"end":{"line":83,"column":15}},"23":{"start":{"line":85,"column":4},"end":{"line":194,"column":5}},"24":{"start":{"line":91,"column":8},"end":{"line":99,"column":10}},"25":{"start":{"line":98,"column":12},"end":{"line":98,"column":35}},"26":{"start":{"line":102,"column":8},"end":{"line":104,"column":63}},"27":{"start":{"line":105,"column":8},"end":{"line":105,"column":14}},"28":{"start":{"line":112,"column":8},"end":{"line":121,"column":10},"skip":true},"29":{"start":{"line":119,"column":12},"end":{"line":119,"column":55},"skip":true},"30":{"start":{"line":120,"column":12},"end":{"line":120,"column":48},"skip":true},"31":{"start":{"line":123,"column":8},"end":{"line":136,"column":10},"skip":true},"32":{"start":{"line":130,"column":12},"end":{"line":130,"column":76},"skip":true},"33":{"start":{"line":131,"column":12},"end":{"line":131,"column":73},"skip":true},"34":{"start":{"line":132,"column":12},"end":{"line":132,"column":74},"skip":true},"35":{"start":{"line":133,"column":12},"end":{"line":133,"column":79},"skip":true},"36":{"start":{"line":134,"column":12},"end":{"line":134,"column":25},"skip":true},"37":{"start":{"line":135,"column":12},"end":{"line":135,"column":45},"skip":true},"38":{"start":{"line":138,"column":8},"end":{"line":145,"column":14},"skip":true},"39":{"start":{"line":143,"column":16},"end":{"line":143,"column":29},"skip":true},"40":{"start":{"line":144,"column":16},"end":{"line":144,"column":55},"skip":true},"41":{"start":{"line":147,"column":8},"end":{"line":156,"column":10},"skip":true},"42":{"start":{"line":154,"column":12},"end":{"line":154,"column":25},"skip":true},"43":{"start":{"line":155,"column":12},"end":{"line":155,"column":45},"skip":true},"44":{"start":{"line":158,"column":8},"end":{"line":167,"column":10},"skip":true},"45":{"start":{"line":165,"column":12},"end":{"line":165,"column":25},"skip":true},"46":{"start":{"line":166,"column":12},"end":{"line":166,"column":48},"skip":true},"47":{"start":{"line":169,"column":8},"end":{"line":178,"column":10},"skip":true},"48":{"start":{"line":176,"column":12},"end":{"line":176,"column":25},"skip":true},"49":{"start":{"line":177,"column":12},"end":{"line":177,"column":46},"skip":true},"50":{"start":{"line":180,"column":8},"end":{"line":189,"column":10},"skip":true},"51":{"start":{"line":187,"column":12},"end":{"line":187,"column":94},"skip":true},"52":{"start":{"line":188,"column":12},"end":{"line":188,"column":48},"skip":true},"53":{"start":{"line":192,"column":8},"end":{"line":192,"column":35},"skip":true},"54":{"start":{"line":193,"column":8},"end":{"line":193,"column":14},"skip":true}},"branchMap":{"1":{"line":25,"type":"binary-expr","locations":[{"start":{"line":25,"column":23},"end":{"line":25,"column":62}},{"start":{"line":26,"column":20},"end":{"line":26,"column":70}},{"start":{"line":27,"column":20},"end":{"line":27,"column":71}},{"start":{"line":28,"column":20},"end":{"line":28,"column":29}}]},"2":{"line":30,"type":"binary-expr","locations":[{"start":{"line":30,"column":23},"end":{"line":30,"column":37}},{"start":{"line":31,"column":20},"end":{"line":31,"column":61}},{"start":{"line":32,"column":20},"end":{"line":32,"column":70}},{"start":{"line":33,"column":20},"end":{"line":33,"column":26}}]},"3":{"line":37,"type":"cond-expr","locations":[{"start":{"line":38,"column":14},"end":{"line":38,"column":20}},{"start":{"line":39,"column":14},"end":{"line":39,"column":20}}]},"4":{"line":40,"type":"switch","locations":[{"start":{"line":42,"column":8},"end":{"line":47,"column":18}},{"start":{"line":49,"column":8},"end":{"line":52,"column":18}}]},"5":{"line":44,"type":"binary-expr","locations":[{"start":{"line":44,"column":16},"end":{"line":44,"column":44}},{"start":{"line":44,"column":48},"end":{"line":44,"column":66}}]},"6":{"line":50,"type":"binary-expr","locations":[{"start":{"line":50,"column":21},"end":{"line":50,"column":49}},{"start":{"line":50,"column":53},"end":{"line":50,"column":72}}]},"7":{"line":64,"type":"switch","locations":[{"start":{"line":69,"column":4},"end":{"line":70,"column":14}},{"start":{"line":75,"column":4},"end":{"line":76,"column":14}}]},"8":{"line":85,"type":"switch","locations":[{"start":{"line":90,"column":4},"end":{"line":105,"column":14}},{"start":{"line":111,"column":4},"end":{"line":193,"column":14},"skip":true}]},"9":{"line":91,"type":"binary-expr","locations":[{"start":{"line":91,"column":42},"end":{"line":91,"column":73}},{"start":{"line":91,"column":77},"end":{"line":99,"column":9}}]},"10":{"line":102,"type":"binary-expr","locations":[{"start":{"line":102,"column":18},"end":{"line":102,"column":32}},{"start":{"line":103,"column":12},"end":{"line":103,"column":53}},{"start":{"line":104,"column":12},"end":{"line":104,"column":61}}]},"11":{"line":112,"type":"binary-expr","locations":[{"start":{"line":112,"column":45},"end":{"line":112,"column":79},"skip":true},{"start":{"line":112,"column":83},"end":{"line":121,"column":9},"skip":true}]},"12":{"line":123,"type":"binary-expr","locations":[{"start":{"line":123,"column":42},"end":{"line":123,"column":73},"skip":true},{"start":{"line":123,"column":77},"end":{"line":136,"column":9},"skip":true}]},"13":{"line":138,"type":"binary-expr","locations":[{"start":{"line":138,"column":48},"end":{"line":138,"column":85},"skip":true},{"start":{"line":139,"column":12},"end":{"line":145,"column":13},"skip":true}]},"14":{"line":147,"type":"binary-expr","locations":[{"start":{"line":147,"column":42},"end":{"line":147,"column":73},"skip":true},{"start":{"line":147,"column":77},"end":{"line":156,"column":9},"skip":true}]},"15":{"line":158,"type":"binary-expr","locations":[{"start":{"line":158,"column":45},"end":{"line":158,"column":79},"skip":true},{"start":{"line":158,"column":83},"end":{"line":167,"column":9},"skip":true}]},"16":{"line":169,"type":"binary-expr","locations":[{"start":{"line":169,"column":43},"end":{"line":169,"column":75},"skip":true},{"start":{"line":169,"column":79},"end":{"line":178,"column":9},"skip":true}]},"17":{"line":180,"type":"binary-expr","locations":[{"start":{"line":180,"column":41},"end":{"line":180,"column":71},"skip":true},{"start":{"line":180,"column":75},"end":{"line":189,"column":9},"skip":true}]}},"code":["/* istanbul instrument in package npmtest_dragula */","/*jslint","    bitwise: true,","    browser: true,","    maxerr: 8,","    maxlen: 96,","    node: true,","    nomen: true,","    regexp: true,","    stupid: true","*/","(function () {","    'use strict';","    var local;","","","","    // run shared js-env code - init-before","    (function () {","        // init local","        local = {};","        // init modeJs","        local.modeJs = (function () {","            try {","                return typeof navigator.userAgent === 'string' &&","                    typeof document.querySelector('body') === 'object' &&","                    typeof XMLHttpRequest.prototype.open === 'function' &&","                    'browser';","            } catch (errorCaughtBrowser) {","                return module.exports &&","                    typeof process.versions.node === 'string' &&","                    typeof require('http').createServer === 'function' &&","                    'node';","            }","        }());","        // init global","        local.global = local.modeJs === 'browser'","            ? window","            : global;","        switch (local.modeJs) {","        // re-init local from window.local","        case 'browser':","            local = local.global.utility2.objectSetDefault(","                local.global.utility2_rollup || local.global.local,","                local.global.utility2","            );","            break;","        // re-init local from example.js","        case 'node':","            local = (local.global.utility2_rollup || require('utility2'))","                .requireReadme();","            break;","        }","        // export local","        local.global.local = local;","    }());","","","","    // run shared js-env code - function","    (function () {","        return;","    }());","    switch (local.modeJs) {","","","","    // run browser js-env code - function","    case 'browser':","        break;","","","","    // run node js-env code - function","    case 'node':","        break;","    }","","","","    // run shared js-env code - init-after","    (function () {","        return;","    }());","    switch (local.modeJs) {","","","","    // run browser js-env code - init-after","    case 'browser':","        local.testCase_browser_nullCase = local.testCase_browser_nullCase || function (","            options,","            onError","        ) {","        /*","         * this function will test browsers's null-case handling-behavior-behavior","         */","            onError(null, options);","        };","","        // run tests","        local.nop(local.modeTest &&","            document.querySelector('#testRunButton1') &&","            document.querySelector('#testRunButton1').click());","        break;","","","","    // run node js-env code - init-after","    /* istanbul ignore next */","    case 'node':","        local.testCase_buildApidoc_default = local.testCase_buildApidoc_default || function (","            options,","            onError","        ) {","        /*","         * this function will test buildApidoc's default handling-behavior-behavior","         */","            options = { modulePathList: module.paths };","            local.buildApidoc(options, onError);","        };","","        local.testCase_buildApp_default = local.testCase_buildApp_default || function (","            options,","            onError","        ) {","        /*","         * this function will test buildApp's default handling-behavior-behavior","         */","            local.testCase_buildReadme_default(options, local.onErrorThrow);","            local.testCase_buildLib_default(options, local.onErrorThrow);","            local.testCase_buildTest_default(options, local.onErrorThrow);","            local.testCase_buildCustomOrg_default(options, local.onErrorThrow);","            options = [];","            local.buildApp(options, onError);","        };","","        local.testCase_buildCustomOrg_default = local.testCase_buildCustomOrg_default ||","            function (options, onError) {","            /*","             * this function will test buildCustomOrg's default handling-behavior","             */","                options = {};","                local.buildCustomOrg(options, onError);","            };","","        local.testCase_buildLib_default = local.testCase_buildLib_default || function (","            options,","            onError","        ) {","        /*","         * this function will test buildLib's default handling-behavior","         */","            options = {};","            local.buildLib(options, onError);","        };","","        local.testCase_buildReadme_default = local.testCase_buildReadme_default || function (","            options,","            onError","        ) {","        /*","         * this function will test buildReadme's default handling-behavior-behavior","         */","            options = {};","            local.buildReadme(options, onError);","        };","","        local.testCase_buildTest_default = local.testCase_buildTest_default || function (","            options,","            onError","        ) {","        /*","         * this function will test buildTest's default handling-behavior","         */","            options = {};","            local.buildTest(options, onError);","        };","","        local.testCase_webpage_default = local.testCase_webpage_default || function (","            options,","            onError","        ) {","        /*","         * this function will test webpage's default handling-behavior","         */","            options = { modeCoverageMerge: true, url: local.serverLocalHost + '?modeTest=1' };","            local.browserTest(options, onError);","        };","","        // run test-server","        local.testRunServer(local);","        break;","    }","}());",""],"l":{"12":2,"14":2,"19":2,"21":2,"23":2,"24":2,"25":2,"30":1,"37":2,"40":2,"43":1,"47":1,"50":1,"52":1,"55":2,"61":2,"62":2,"64":2,"70":1,"76":1,"82":2,"83":2,"85":2,"91":1,"98":1,"102":1,"105":1,"112":1,"119":1,"120":1,"123":1,"130":1,"131":1,"132":1,"133":1,"134":1,"135":1,"138":1,"143":2,"144":2,"147":1,"154":2,"155":2,"158":1,"165":2,"166":2,"169":1,"176":2,"177":2,"180":1,"187":1,"188":1,"192":1,"193":1}},"/home/travis/build/npmtest/node-npmtest-dragula/lib.npmtest_dragula.js":{"path":"/home/travis/build/npmtest/node-npmtest-dragula/lib.npmtest_dragula.js","s":{"1":2,"2":2,"3":2,"4":2,"5":2,"6":2,"7":2,"8":1,"9":2,"10":2,"11":2,"12":2,"13":1,"14":1,"15":1,"16":1},"b":{"1":[2,1,1,1],"2":[1,1,1,1],"3":[1,1],"4":[2,2],"5":[1,1]},"f":{"1":2,"2":2,"3":2},"fnMap":{"1":{"name":"(anonymous_1)","line":12,"loc":{"start":{"line":12,"column":1},"end":{"line":12,"column":13}}},"2":{"name":"(anonymous_2)","line":19,"loc":{"start":{"line":19,"column":5},"end":{"line":19,"column":17}}},"3":{"name":"(anonymous_3)","line":23,"loc":{"start":{"line":23,"column":24},"end":{"line":23,"column":36}}}},"statementMap":{"1":{"start":{"line":12,"column":0},"end":{"line":53,"column":5}},"2":{"start":{"line":14,"column":4},"end":{"line":14,"column":14}},"3":{"start":{"line":19,"column":4},"end":{"line":52,"column":9}},"4":{"start":{"line":21,"column":8},"end":{"line":21,"column":19}},"5":{"start":{"line":23,"column":8},"end":{"line":35,"column":13}},"6":{"start":{"line":24,"column":12},"end":{"line":34,"column":13}},"7":{"start":{"line":25,"column":16},"end":{"line":28,"column":30}},"8":{"start":{"line":30,"column":16},"end":{"line":33,"column":27}},"9":{"start":{"line":37,"column":8},"end":{"line":39,"column":21}},"10":{"start":{"line":41,"column":8},"end":{"line":41,"column":54}},"11":{"start":{"line":43,"column":8},"end":{"line":43,"column":52}},"12":{"start":{"line":45,"column":8},"end":{"line":51,"column":9}},"13":{"start":{"line":46,"column":12},"end":{"line":46,"column":58}},"14":{"start":{"line":48,"column":12},"end":{"line":48,"column":35}},"15":{"start":{"line":49,"column":12},"end":{"line":49,"column":49}},"16":{"start":{"line":50,"column":12},"end":{"line":50,"column":43}}},"branchMap":{"1":{"line":25,"type":"binary-expr","locations":[{"start":{"line":25,"column":23},"end":{"line":25,"column":62}},{"start":{"line":26,"column":20},"end":{"line":26,"column":70}},{"start":{"line":27,"column":20},"end":{"line":27,"column":71}},{"start":{"line":28,"column":20},"end":{"line":28,"column":29}}]},"2":{"line":30,"type":"binary-expr","locations":[{"start":{"line":30,"column":23},"end":{"line":30,"column":37}},{"start":{"line":31,"column":20},"end":{"line":31,"column":61}},{"start":{"line":32,"column":20},"end":{"line":32,"column":70}},{"start":{"line":33,"column":20},"end":{"line":33,"column":26}}]},"3":{"line":37,"type":"cond-expr","locations":[{"start":{"line":38,"column":14},"end":{"line":38,"column":20}},{"start":{"line":39,"column":14},"end":{"line":39,"column":20}}]},"4":{"line":41,"type":"binary-expr","locations":[{"start":{"line":41,"column":16},"end":{"line":41,"column":44}},{"start":{"line":41,"column":48},"end":{"line":41,"column":53}}]},"5":{"line":45,"type":"if","locations":[{"start":{"line":45,"column":8},"end":{"line":45,"column":8}},{"start":{"line":45,"column":8},"end":{"line":45,"column":8}}]}},"code":["/* istanbul instrument in package npmtest_dragula */","/*jslint","    bitwise: true,","    browser: true,","    maxerr: 8,","    maxlen: 96,","    node: true,","    nomen: true,","    regexp: true,","    stupid: true","*/","(function () {","    'use strict';","    var local;","","","","    // run shared js-env code - init-before","    (function () {","        // init local","        local = {};","        // init modeJs","        local.modeJs = (function () {","            try {","                return typeof navigator.userAgent === 'string' &&","                    typeof document.querySelector('body') === 'object' &&","                    typeof XMLHttpRequest.prototype.open === 'function' &&","                    'browser';","            } catch (errorCaughtBrowser) {","                return module.exports &&","                    typeof process.versions.node === 'string' &&","                    typeof require('http').createServer === 'function' &&","                    'node';","            }","        }());","        // init global","        local.global = local.modeJs === 'browser'","            ? window","            : global;","        // init utility2_rollup","        local = local.global.utility2_rollup || local;","        // init lib","        local.local = local.npmtest_dragula = local;","        // init exports","        if (local.modeJs === 'browser') {","            local.global.utility2_npmtest_dragula = local;","        } else {","            module.exports = local;","            module.exports.__dirname = __dirname;","            module.exports.module = module;","        }","    }());","}());",""],"l":{"12":2,"14":2,"19":2,"21":2,"23":2,"24":2,"25":2,"30":1,"37":2,"41":2,"43":2,"45":2,"46":1,"48":1,"49":1,"50":1}},"/home/travis/build/npmtest/node-npmtest-dragula/example.js":{"path":"/home/travis/build/npmtest/node-npmtest-dragula/example.js","s":{"1":2,"2":2,"3":2,"4":2,"5":2,"6":2,"7":2,"8":1,"9":2,"10":2,"11":2,"12":2,"13":1,"14":2,"15":2,"16":2,"17":2,"18":2,"19":0,"20":2,"21":1,"22":1,"23":1,"24":1,"25":1,"26":0,"27":0,"28":1,"29":1,"30":2,"31":0,"32":0,"33":0,"34":1,"35":2,"36":2,"37":3,"38":3,"39":3,"40":3,"41":0,"42":3,"43":3,"44":3,"45":1,"46":3,"47":1,"48":1,"49":1,"50":1,"51":1,"52":1,"53":1,"54":1,"55":1,"56":1,"57":0,"58":1,"59":6,"60":6,"61":1,"62":2,"63":0,"64":2,"65":1,"66":1,"67":0,"68":0,"69":0,"70":0,"71":0,"72":0,"73":0,"74":0,"75":0,"76":0,"77":0,"78":0,"79":0,"80":0,"81":0,"82":0,"83":0},"b":{"1":[2,1,1,1],"2":[1,1,1,1],"3":[1,1],"4":[2,2],"5":[1,1],"6":[1,1],"7":[2,0],"8":[2,1,1,1,1,1],"9":[0,2,0],"10":[1,1],"11":[2,1,1],"12":[1,0],"13":[0,2],"14":[2,0,0,0,0,0,0],"15":[0,3],"16":[3,0],"17":[1,1],"18":[0,1],"19":[1,2,0,2],"20":[1,0],"21":[1,1],"22":[0,0],"23":[0,0],"24":[0,0],"25":[0,0],"26":[0,0],"27":[0,0],"28":[0,0]},"f":{"1":2,"2":2,"3":2,"4":2,"5":2,"6":2,"7":3,"8":3,"9":3,"10":1,"11":6,"12":0},"fnMap":{"1":{"name":"(anonymous_1)","line":26,"loc":{"start":{"line":26,"column":1},"end":{"line":26,"column":13}}},"2":{"name":"(anonymous_2)","line":33,"loc":{"start":{"line":33,"column":5},"end":{"line":33,"column":17}}},"3":{"name":"(anonymous_3)","line":37,"loc":{"start":{"line":37,"column":24},"end":{"line":37,"column":36}}},"4":{"name":"(anonymous_4)","line":69,"loc":{"start":{"line":69,"column":31},"end":{"line":69,"column":48}},"skip":true},"5":{"name":"(anonymous_5)","line":78,"loc":{"start":{"line":78,"column":26},"end":{"line":78,"column":45}},"skip":true},"6":{"name":"(anonymous_6)","line":123,"loc":{"start":{"line":123,"column":33},"end":{"line":123,"column":48}},"skip":true},"7":{"name":"(anonymous_7)","line":125,"loc":{"start":{"line":125,"column":27},"end":{"line":125,"column":39}},"skip":true},"8":{"name":"(anonymous_8)","line":133,"loc":{"start":{"line":133,"column":59},"end":{"line":133,"column":74}},"skip":true},"9":{"name":"(anonymous_9)","line":143,"loc":{"start":{"line":143,"column":45},"end":{"line":143,"column":62}},"skip":true},"10":{"name":"(anonymous_10)","line":144,"loc":{"start":{"line":144,"column":73},"end":{"line":144,"column":92}},"skip":true},"11":{"name":"(anonymous_11)","line":272,"loc":{"start":{"line":272,"column":51},"end":{"line":272,"column":77}},"skip":true},"12":{"name":"(anonymous_12)","line":315,"loc":{"start":{"line":315,"column":32},"end":{"line":315,"column":61}},"skip":true}},"statementMap":{"1":{"start":{"line":26,"column":0},"end":{"line":326,"column":5}},"2":{"start":{"line":28,"column":4},"end":{"line":28,"column":14}},"3":{"start":{"line":33,"column":4},"end":{"line":60,"column":9}},"4":{"start":{"line":35,"column":8},"end":{"line":35,"column":19}},"5":{"start":{"line":37,"column":8},"end":{"line":49,"column":13}},"6":{"start":{"line":38,"column":12},"end":{"line":48,"column":13}},"7":{"start":{"line":39,"column":16},"end":{"line":42,"column":30}},"8":{"start":{"line":44,"column":16},"end":{"line":47,"column":27}},"9":{"start":{"line":51,"column":8},"end":{"line":53,"column":21}},"10":{"start":{"line":55,"column":8},"end":{"line":57,"column":45}},"11":{"start":{"line":59,"column":8},"end":{"line":59,"column":35}},"12":{"start":{"line":61,"column":4},"end":{"line":325,"column":5}},"13":{"start":{"line":69,"column":8},"end":{"line":121,"column":10},"skip":true},"14":{"start":{"line":70,"column":12},"end":{"line":88,"column":13},"skip":true},"15":{"start":{"line":76,"column":16},"end":{"line":87,"column":19},"skip":true},"16":{"start":{"line":79,"column":20},"end":{"line":86,"column":21},"skip":true},"17":{"start":{"line":82,"column":24},"end":{"line":82,"column":43},"skip":true},"18":{"start":{"line":83,"column":24},"end":{"line":83,"column":30},"skip":true},"19":{"start":{"line":85,"column":24},"end":{"line":85,"column":49},"skip":true},"20":{"start":{"line":89,"column":12},"end":{"line":107,"column":13},"skip":true},"21":{"start":{"line":92,"column":16},"end":{"line":102,"column":17},"skip":true},"22":{"start":{"line":93,"column":20},"end":{"line":93,"column":86},"skip":true},"23":{"start":{"line":94,"column":20},"end":{"line":95,"column":45},"skip":true},"24":{"start":{"line":96,"column":20},"end":{"line":96,"column":42},"skip":true},"25":{"start":{"line":97,"column":20},"end":{"line":97,"column":48},"skip":true},"26":{"start":{"line":100,"column":20},"end":{"line":100,"column":85},"skip":true},"27":{"start":{"line":101,"column":20},"end":{"line":101,"column":96},"skip":true},"28":{"start":{"line":103,"column":16},"end":{"line":103,"column":22},"skip":true},"29":{"start":{"line":106,"column":16},"end":{"line":106,"column":22},"skip":true},"30":{"start":{"line":108,"column":12},"end":{"line":120,"column":13},"skip":true},"31":{"start":{"line":114,"column":16},"end":{"line":119,"column":17},"skip":true},"32":{"start":{"line":116,"column":20},"end":{"line":116,"column":78},"skip":true},"33":{"start":{"line":118,"column":20},"end":{"line":118,"column":47},"skip":true},"34":{"start":{"line":123,"column":8},"end":{"line":141,"column":11},"skip":true},"35":{"start":{"line":124,"column":12},"end":{"line":124,"column":54},"skip":true},"36":{"start":{"line":125,"column":12},"end":{"line":140,"column":14},"skip":true},"37":{"start":{"line":126,"column":16},"end":{"line":126,"column":28},"skip":true},"38":{"start":{"line":127,"column":16},"end":{"line":127,"column":69},"skip":true},"39":{"start":{"line":128,"column":16},"end":{"line":128,"column":75},"skip":true},"40":{"start":{"line":129,"column":16},"end":{"line":131,"column":17},"skip":true},"41":{"start":{"line":130,"column":20},"end":{"line":130,"column":27},"skip":true},"42":{"start":{"line":133,"column":16},"end":{"line":137,"column":36},"skip":true},"43":{"start":{"line":134,"column":20},"end":{"line":136,"column":55},"skip":true},"44":{"start":{"line":139,"column":16},"end":{"line":139,"column":57},"skip":true},"45":{"start":{"line":143,"column":8},"end":{"line":147,"column":11},"skip":true},"46":{"start":{"line":144,"column":12},"end":{"line":146,"column":15},"skip":true},"47":{"start":{"line":145,"column":16},"end":{"line":145,"column":70},"skip":true},"48":{"start":{"line":149,"column":8},"end":{"line":149,"column":31},"skip":true},"49":{"start":{"line":150,"column":8},"end":{"line":150,"column":14},"skip":true},"50":{"start":{"line":158,"column":8},"end":{"line":158,"column":31},"skip":true},"51":{"start":{"line":160,"column":8},"end":{"line":160,"column":33},"skip":true},"52":{"start":{"line":161,"column":8},"end":{"line":161,"column":37},"skip":true},"53":{"start":{"line":162,"column":8},"end":{"line":162,"column":35},"skip":true},"54":{"start":{"line":164,"column":8},"end":{"line":164,"column":50},"skip":true},"55":{"start":{"line":166,"column":8},"end":{"line":256,"column":2},"skip":true},"56":{"start":{"line":258,"column":8},"end":{"line":286,"column":9},"skip":true},"57":{"start":{"line":259,"column":12},"end":{"line":269,"column":14},"skip":true},"58":{"start":{"line":271,"column":12},"end":{"line":285,"column":19},"skip":true},"59":{"start":{"line":274,"column":20},"end":{"line":274,"column":35},"skip":true},"60":{"start":{"line":275,"column":20},"end":{"line":284,"column":21},"skip":true},"61":{"start":{"line":277,"column":24},"end":{"line":277,"column":64},"skip":true},"62":{"start":{"line":279,"column":24},"end":{"line":279,"column":40},"skip":true},"63":{"start":{"line":281,"column":24},"end":{"line":281,"column":40},"skip":true},"64":{"start":{"line":283,"column":24},"end":{"line":283,"column":39},"skip":true},"65":{"start":{"line":288,"column":8},"end":{"line":290,"column":9},"skip":true},"66":{"start":{"line":289,"column":12},"end":{"line":289,"column":18},"skip":true},"67":{"start":{"line":291,"column":8},"end":{"line":293,"column":54},"skip":true},"68":{"start":{"line":296,"column":8},"end":{"line":301,"column":37},"skip":true},"69":{"start":{"line":303,"column":8},"end":{"line":303,"column":82},"skip":true},"70":{"start":{"line":306,"column":8},"end":{"line":308,"column":9},"skip":true},"71":{"start":{"line":307,"column":12},"end":{"line":307,"column":82},"skip":true},"72":{"start":{"line":310,"column":8},"end":{"line":312,"column":9},"skip":true},"73":{"start":{"line":311,"column":12},"end":{"line":311,"column":18},"skip":true},"74":{"start":{"line":313,"column":8},"end":{"line":313,"column":54},"skip":true},"75":{"start":{"line":314,"column":8},"end":{"line":314,"column":69},"skip":true},"76":{"start":{"line":315,"column":8},"end":{"line":323,"column":36},"skip":true},"77":{"start":{"line":316,"column":12},"end":{"line":316,"column":61},"skip":true},"78":{"start":{"line":317,"column":12},"end":{"line":320,"column":13},"skip":true},"79":{"start":{"line":318,"column":16},"end":{"line":318,"column":75},"skip":true},"80":{"start":{"line":319,"column":16},"end":{"line":319,"column":23},"skip":true},"81":{"start":{"line":321,"column":12},"end":{"line":321,"column":38},"skip":true},"82":{"start":{"line":322,"column":12},"end":{"line":322,"column":27},"skip":true},"83":{"start":{"line":324,"column":8},"end":{"line":324,"column":14},"skip":true}},"branchMap":{"1":{"line":39,"type":"binary-expr","locations":[{"start":{"line":39,"column":23},"end":{"line":39,"column":62}},{"start":{"line":40,"column":20},"end":{"line":40,"column":70}},{"start":{"line":41,"column":20},"end":{"line":41,"column":71}},{"start":{"line":42,"column":20},"end":{"line":42,"column":29}}]},"2":{"line":44,"type":"binary-expr","locations":[{"start":{"line":44,"column":23},"end":{"line":44,"column":37}},{"start":{"line":45,"column":20},"end":{"line":45,"column":61}},{"start":{"line":46,"column":20},"end":{"line":46,"column":70}},{"start":{"line":47,"column":20},"end":{"line":47,"column":26}}]},"3":{"line":51,"type":"cond-expr","locations":[{"start":{"line":52,"column":14},"end":{"line":52,"column":20}},{"start":{"line":53,"column":14},"end":{"line":53,"column":20}}]},"4":{"line":55,"type":"binary-expr","locations":[{"start":{"line":55,"column":16},"end":{"line":55,"column":44}},{"start":{"line":55,"column":49},"end":{"line":57,"column":43}}]},"5":{"line":55,"type":"cond-expr","locations":[{"start":{"line":56,"column":14},"end":{"line":56,"column":51}},{"start":{"line":57,"column":14},"end":{"line":57,"column":43}}]},"6":{"line":61,"type":"switch","locations":[{"start":{"line":68,"column":4},"end":{"line":150,"column":14},"skip":true},{"start":{"line":156,"column":4},"end":{"line":324,"column":14},"skip":true}]},"7":{"line":70,"type":"if","locations":[{"start":{"line":70,"column":12},"end":{"line":70,"column":12},"skip":true},{"start":{"line":70,"column":12},"end":{"line":70,"column":12},"skip":true}]},"8":{"line":70,"type":"binary-expr","locations":[{"start":{"line":70,"column":16},"end":{"line":70,"column":22},"skip":true},{"start":{"line":70,"column":27},"end":{"line":70,"column":32},"skip":true},{"start":{"line":71,"column":20},"end":{"line":71,"column":39},"skip":true},{"start":{"line":72,"column":20},"end":{"line":72,"column":49},"skip":true},{"start":{"line":73,"column":20},"end":{"line":73,"column":58},"skip":true},{"start":{"line":74,"column":20},"end":{"line":74,"column":69},"skip":true}]},"9":{"line":79,"type":"switch","locations":[{"start":{"line":80,"column":20},"end":{"line":80,"column":33},"skip":true},{"start":{"line":81,"column":20},"end":{"line":83,"column":30},"skip":true},{"start":{"line":84,"column":20},"end":{"line":85,"column":49},"skip":true}]},"10":{"line":89,"type":"switch","locations":[{"start":{"line":90,"column":12},"end":{"line":103,"column":22},"skip":true},{"start":{"line":105,"column":12},"end":{"line":106,"column":22},"skip":true}]},"11":{"line":89,"type":"binary-expr","locations":[{"start":{"line":89,"column":20},"end":{"line":89,"column":25},"skip":true},{"start":{"line":89,"column":29},"end":{"line":89,"column":48},"skip":true},{"start":{"line":89,"column":52},"end":{"line":89,"column":74},"skip":true}]},"12":{"line":92,"type":"if","locations":[{"start":{"line":92,"column":16},"end":{"line":92,"column":16},"skip":true},{"start":{"line":92,"column":16},"end":{"line":92,"column":16},"skip":true}]},"13":{"line":108,"type":"if","locations":[{"start":{"line":108,"column":12},"end":{"line":108,"column":12},"skip":true},{"start":{"line":108,"column":12},"end":{"line":108,"column":12},"skip":true}]},"14":{"line":108,"type":"binary-expr","locations":[{"start":{"line":108,"column":16},"end":{"line":108,"column":61},"skip":true},{"start":{"line":108,"column":66},"end":{"line":108,"column":72},"skip":true},{"start":{"line":108,"column":77},"end":{"line":108,"column":82},"skip":true},{"start":{"line":109,"column":20},"end":{"line":109,"column":39},"skip":true},{"start":{"line":110,"column":20},"end":{"line":110,"column":49},"skip":true},{"start":{"line":111,"column":20},"end":{"line":111,"column":58},"skip":true},{"start":{"line":112,"column":20},"end":{"line":112,"column":68},"skip":true}]},"15":{"line":129,"type":"if","locations":[{"start":{"line":129,"column":16},"end":{"line":129,"column":16},"skip":true},{"start":{"line":129,"column":16},"end":{"line":129,"column":16},"skip":true}]},"16":{"line":134,"type":"cond-expr","locations":[{"start":{"line":135,"column":26},"end":{"line":135,"column":29},"skip":true},{"start":{"line":136,"column":26},"end":{"line":136,"column":54},"skip":true}]},"17":{"line":164,"type":"binary-expr","locations":[{"start":{"line":164,"column":27},"end":{"line":164,"column":43},"skip":true},{"start":{"line":164,"column":47},"end":{"line":164,"column":49},"skip":true}]},"18":{"line":258,"type":"if","locations":[{"start":{"line":258,"column":8},"end":{"line":258,"column":8},"skip":true},{"start":{"line":258,"column":8},"end":{"line":258,"column":8},"skip":true}]},"19":{"line":275,"type":"switch","locations":[{"start":{"line":276,"column":20},"end":{"line":277,"column":64},"skip":true},{"start":{"line":278,"column":20},"end":{"line":279,"column":40},"skip":true},{"start":{"line":280,"column":20},"end":{"line":281,"column":40},"skip":true},{"start":{"line":282,"column":20},"end":{"line":283,"column":39},"skip":true}]},"20":{"line":288,"type":"if","locations":[{"start":{"line":288,"column":8},"end":{"line":288,"column":8},"skip":true},{"start":{"line":288,"column":8},"end":{"line":288,"column":8},"skip":true}]},"21":{"line":288,"type":"binary-expr","locations":[{"start":{"line":288,"column":12},"end":{"line":288,"column":40},"skip":true},{"start":{"line":288,"column":44},"end":{"line":288,"column":67},"skip":true}]},"22":{"line":292,"type":"binary-expr","locations":[{"start":{"line":292,"column":12},"end":{"line":292,"column":50},"skip":true},{"start":{"line":293,"column":12},"end":{"line":293,"column":53},"skip":true}]},"23":{"line":297,"type":"binary-expr","locations":[{"start":{"line":297,"column":12},"end":{"line":297,"column":65},"skip":true},{"start":{"line":298,"column":12},"end":{"line":301,"column":36},"skip":true}]},"24":{"line":303,"type":"binary-expr","locations":[{"start":{"line":303,"column":43},"end":{"line":303,"column":75},"skip":true},{"start":{"line":303,"column":79},"end":{"line":303,"column":81},"skip":true}]},"25":{"line":306,"type":"if","locations":[{"start":{"line":306,"column":8},"end":{"line":306,"column":8},"skip":true},{"start":{"line":306,"column":8},"end":{"line":306,"column":8},"skip":true}]},"26":{"line":310,"type":"if","locations":[{"start":{"line":310,"column":8},"end":{"line":310,"column":8},"skip":true},{"start":{"line":310,"column":8},"end":{"line":310,"column":8},"skip":true}]},"27":{"line":313,"type":"binary-expr","locations":[{"start":{"line":313,"column":27},"end":{"line":313,"column":43},"skip":true},{"start":{"line":313,"column":47},"end":{"line":313,"column":53},"skip":true}]},"28":{"line":317,"type":"if","locations":[{"start":{"line":317,"column":12},"end":{"line":317,"column":12},"skip":true},{"start":{"line":317,"column":12},"end":{"line":317,"column":12},"skip":true}]}},"code":["/*","example.js","","quickstart example","","instruction","    1. save this script as example.js","    2. run the shell command:","        $ npm install npmtest-dragula && PORT=8081 node example.js","    3. play with the browser-demo on http://127.0.0.1:8081","*/","","","","/* istanbul instrument in package npmtest_dragula */","/*jslint","    bitwise: true,","    browser: true,","    maxerr: 8,","    maxlen: 96,","    node: true,","    nomen: true,","    regexp: true,","    stupid: true","*/","(function () {","    'use strict';","    var local;","","","","    // run shared js-env code - init-before","    (function () {","        // init local","        local = {};","        // init modeJs","        local.modeJs = (function () {","            try {","                return typeof navigator.userAgent === 'string' &&","                    typeof document.querySelector('body') === 'object' &&","                    typeof XMLHttpRequest.prototype.open === 'function' &&","                    'browser';","            } catch (errorCaughtBrowser) {","                return module.exports &&","                    typeof process.versions.node === 'string' &&","                    typeof require('http').createServer === 'function' &&","                    'node';","            }","        }());","        // init global","        local.global = local.modeJs === 'browser'","            ? window","            : global;","        // init utility2_rollup","        local = local.global.utility2_rollup || (local.modeJs === 'browser'","            ? local.global.utility2_npmtest_dragula","            : global.utility2_moduleExports);","        // export local","        local.global.local = local;","    }());","    switch (local.modeJs) {","","","","    // init-after","    // run browser js-env code - init-after","    /* istanbul ignore next */","    case 'browser':","        local.testRunBrowser = function (event) {","            if (!event || (event &&","                    event.currentTarget &&","                    event.currentTarget.className &&","                    event.currentTarget.className.includes &&","                    event.currentTarget.className.includes('onreset'))) {","                // reset output","                Array.from(","                    document.querySelectorAll('body > .resettable')","                ).forEach(function (element) {","                    switch (element.tagName) {","                    case 'INPUT':","                    case 'TEXTAREA':","                        element.value = '';","                        break;","                    default:","                        element.textContent = '';","                    }","                });","            }","            switch (event && event.currentTarget && event.currentTarget.id) {","            case 'testRunButton1':","                // show tests","                if (document.querySelector('#testReportDiv1').style.display === 'none') {","                    document.querySelector('#testReportDiv1').style.display = 'block';","                    document.querySelector('#testRunButton1').textContent =","                        'hide internal test';","                    local.modeTest = true;","                    local.testRunDefault(local);","                // hide tests","                } else {","                    document.querySelector('#testReportDiv1').style.display = 'none';","                    document.querySelector('#testRunButton1').textContent = 'run internal test';","                }","                break;","            // custom-case","            default:","                break;","            }","            if (document.querySelector('#inputTextareaEval1') && (!event || (event &&","                    event.currentTarget &&","                    event.currentTarget.className &&","                    event.currentTarget.className.includes &&","                    event.currentTarget.className.includes('oneval')))) {","                // try to eval input-code","                try {","                    /*jslint evil: true*/","                    eval(document.querySelector('#inputTextareaEval1').value);","                } catch (errorCaught) {","                    console.error(errorCaught);","                }","            }","        };","        // log stderr and stdout to #outputTextareaStdout1","        ['error', 'log'].forEach(function (key) {","            console[key + '_original'] = console[key];","            console[key] = function () {","                var element;","                console[key + '_original'].apply(console, arguments);","                element = document.querySelector('#outputTextareaStdout1');","                if (!element) {","                    return;","                }","                // append text to #outputTextareaStdout1","                element.value += Array.from(arguments).map(function (arg) {","                    return typeof arg === 'string'","                        ? arg","                        : JSON.stringify(arg, null, 4);","                }).join(' ') + '\\n';","                // scroll textarea to bottom","                element.scrollTop = element.scrollHeight;","            };","        });","        // init event-handling","        ['change', 'click', 'keyup'].forEach(function (event) {","            Array.from(document.querySelectorAll('.on' + event)).forEach(function (element) {","                element.addEventListener(event, local.testRunBrowser);","            });","        });","        // run tests","        local.testRunBrowser();","        break;","","","","    // run node js-env code - init-after","    /* istanbul ignore next */","    case 'node':","        // export local","        module.exports = local;","        // require modules","        local.fs = require('fs');","        local.http = require('http');","        local.url = require('url');","        // init assets","        local.assetsDict = local.assetsDict || {};","        /* jslint-ignore-begin */","        local.assetsDict['/assets.index.template.html'] = '\\","<!doctype html>\\n\\","<html lang=\"en\">\\n\\","<head>\\n\\","<meta charset=\"UTF-8\">\\n\\","<meta name=\"viewport\" content=\"width=device-width, initial-scale=1\">\\n\\","<title>{{env.npm_package_name}} (v{{env.npm_package_version}})</title>\\n\\","<style>\\n\\","/*csslint\\n\\","    box-sizing: false,\\n\\","    universal-selector: false\\n\\","*/\\n\\","* {\\n\\","    box-sizing: border-box;\\n\\","}\\n\\","body {\\n\\","    background: #dde;\\n\\","    font-family: Arial, Helvetica, sans-serif;\\n\\","    margin: 2rem;\\n\\","}\\n\\","body > * {\\n\\","    margin-bottom: 1rem;\\n\\","}\\n\\",".utility2FooterDiv {\\n\\","    margin-top: 20px;\\n\\","    text-align: center;\\n\\","}\\n\\","</style>\\n\\","<style>\\n\\","/*csslint\\n\\","*/\\n\\","textarea {\\n\\","    font-family: monospace;\\n\\","    height: 10rem;\\n\\","    width: 100%;\\n\\","}\\n\\","textarea[readonly] {\\n\\","    background: #ddd;\\n\\","}\\n\\","</style>\\n\\","</head>\\n\\","<body>\\n\\","<!-- utility2-comment\\n\\","<div id=\"ajaxProgressDiv1\" style=\"background: #d00; height: 2px; left: 0; margin: 0; padding: 0; position: fixed; top: 0; transition: background 0.5s, width 1.5s; width: 25%;\"></div>\\n\\","utility2-comment -->\\n\\","<h1>\\n\\","<!-- utility2-comment\\n\\","    <a\\n\\","        {{#if env.npm_package_homepage}}\\n\\","        href=\"{{env.npm_package_homepage}}\"\\n\\","        {{/if env.npm_package_homepage}}\\n\\","        target=\"_blank\"\\n\\","    >\\n\\","utility2-comment -->\\n\\","        {{env.npm_package_name}} (v{{env.npm_package_version}})\\n\\","<!-- utility2-comment\\n\\","    </a>\\n\\","utility2-comment -->\\n\\","</h1>\\n\\","<h3>{{env.npm_package_description}}</h3>\\n\\","<!-- utility2-comment\\n\\","<h4><a download href=\"assets.app.js\">download standalone app</a></h4>\\n\\","<button class=\"onclick onreset\" id=\"testRunButton1\">run internal test</button><br>\\n\\","<div id=\"testReportDiv1\" style=\"display: none;\"></div>\\n\\","utility2-comment -->\\n\\","\\n\\","\\n\\","\\n\\","<label>stderr and stdout</label>\\n\\","<textarea class=\"resettable\" id=\"outputTextareaStdout1\" readonly></textarea>\\n\\","<!-- utility2-comment\\n\\","{{#if isRollup}}\\n\\","<script src=\"assets.app.js\"></script>\\n\\","{{#unless isRollup}}\\n\\","utility2-comment -->\\n\\","<script src=\"assets.utility2.rollup.js\"></script>\\n\\","<script src=\"jsonp.utility2._stateInit?callback=window.utility2._stateInit\"></script>\\n\\","<script src=\"assets.npmtest_dragula.rollup.js\"></script>\\n\\","<script src=\"assets.example.js\"></script>\\n\\","<script src=\"assets.test.js\"></script>\\n\\","<!-- utility2-comment\\n\\","{{/if isRollup}}\\n\\","utility2-comment -->\\n\\","<div class=\"utility2FooterDiv\">\\n\\","    [ this app was created with\\n\\","    <a href=\"https://github.com/kaizhu256/node-utility2\" target=\"_blank\">utility2</a>\\n\\","    ]\\n\\","</div>\\n\\","</body>\\n\\","</html>\\n\\","';","        /* jslint-ignore-end */","        if (local.templateRender) {","            local.assetsDict['/'] = local.templateRender(","                local.assetsDict['/assets.index.template.html'],","                {","                    env: local.objectSetDefault(local.env, {","                        npm_package_description: 'the greatest app in the world!',","                        npm_package_name: 'my-app',","                        npm_package_nameAlias: 'my_app',","                        npm_package_version: '0.0.1'","                    })","                }","            );","        } else {","            local.assetsDict['/'] = local.assetsDict['/assets.index.template.html']","                .replace((/\\{\\{env\\.(\\w+?)\\}\\}/g), function (match0, match1) {","                    // jslint-hack","                    String(match0);","                    switch (match1) {","                    case 'npm_package_description':","                        return 'the greatest app in the world!';","                    case 'npm_package_name':","                        return 'my-app';","                    case 'npm_package_nameAlias':","                        return 'my_app';","                    case 'npm_package_version':","                        return '0.0.1';","                    }","                });","        }","        // run the cli","        if (local.global.utility2_rollup || module !== require.main) {","            break;","        }","        local.assetsDict['/assets.example.js'] =","            local.assetsDict['/assets.example.js'] ||","            local.fs.readFileSync(__filename, 'utf8');","        // bug-workaround - long $npm_package_buildCustomOrg","        /* jslint-ignore-begin */","        local.assetsDict['/assets.npmtest_dragula.rollup.js'] =","            local.assetsDict['/assets.npmtest_dragula.rollup.js'] ||","            local.fs.readFileSync(","                local.npmtest_dragula.__dirname + '/lib.npmtest_dragula.js',","                'utf8'","            ).replace((/^#!/), '//');","        /* jslint-ignore-end */","        local.assetsDict['/favicon.ico'] = local.assetsDict['/favicon.ico'] || '';","        // if $npm_config_timeout_exit exists,","        // then exit this process after $npm_config_timeout_exit ms","        if (Number(process.env.npm_config_timeout_exit)) {","            setTimeout(process.exit, Number(process.env.npm_config_timeout_exit));","        }","        // start server","        if (local.global.utility2_serverHttp1) {","            break;","        }","        process.env.PORT = process.env.PORT || '8081';","        console.error('server starting on port ' + process.env.PORT);","        local.http.createServer(function (request, response) {","            request.urlParsed = local.url.parse(request.url);","            if (local.assetsDict[request.urlParsed.pathname] !== undefined) {","                response.end(local.assetsDict[request.urlParsed.pathname]);","                return;","            }","            response.statusCode = 404;","            response.end();","        }).listen(process.env.PORT);","        break;","    }","}());",""],"l":{"26":2,"28":2,"33":2,"35":2,"37":2,"38":2,"39":2,"44":1,"51":2,"55":2,"59":2,"61":2,"69":1,"70":2,"76":2,"79":2,"82":2,"83":2,"85":1,"89":2,"92":1,"93":1,"94":1,"96":1,"97":1,"100":1,"101":1,"103":1,"106":1,"108":2,"114":1,"116":1,"118":1,"123":1,"124":2,"125":2,"126":3,"127":3,"128":3,"129":3,"130":1,"133":3,"134":3,"139":3,"143":1,"144":3,"145":1,"149":1,"150":1,"158":1,"160":1,"161":1,"162":1,"164":1,"166":1,"258":1,"259":1,"271":1,"274":6,"275":6,"277":1,"279":2,"281":1,"283":2,"288":1,"289":1,"291":1,"296":1,"303":1,"306":1,"307":1,"310":1,"311":1,"313":1,"314":1,"315":1,"316":1,"317":1,"318":1,"319":1,"321":1,"322":1,"324":1}},"/home/travis/build/npmtest/node-npmtest-dragula/node_modules/dragula/dragula.js":{"path":"/home/travis/build/npmtest/node-npmtest-dragula/node_modules/dragula/dragula.js","s":{"1":2,"2":2,"3":0,"4":0,"5":0,"6":1,"7":0,"8":0,"9":0,"10":0,"11":0,"12":0,"13":0,"14":0,"15":0,"16":0,"17":0,"18":0,"19":0,"20":0,"21":0,"22":0,"23":0,"24":0,"25":0,"26":0,"27":0,"28":0,"29":0,"30":0,"31":0,"32":0,"33":0,"34":0,"35":0,"36":0,"37":0,"38":0,"39":0,"40":0,"41":0,"42":0,"43":0,"44":0,"45":0,"46":0,"47":0,"48":0,"49":0,"50":0,"51":0,"52":0,"53":0,"54":1,"55":0,"56":1,"57":0,"58":0,"59":0,"60":1,"61":0,"62":0,"63":1,"64":0,"65":0,"66":0,"67":1,"68":0,"69":0,"70":1,"71":0,"72":0,"73":1,"74":0,"75":0,"76":0,"77":0,"78":0,"79":0,"80":0,"81":0,"82":0,"83":0,"84":0,"85":0,"86":0,"87":0,"88":0,"89":1,"90":0,"91":0,"92":0,"93":0,"94":0,"95":0,"96":0,"97":0,"98":0,"99":0,"100":0,"101":0,"102":0,"103":0,"104":0,"105":0,"106":0,"107":0,"108":0,"109":0,"110":0,"111":0,"112":0,"113":0,"114":1,"115":0,"116":0,"117":0,"118":0,"119":0,"120":0,"121":0,"122":0,"123":0,"124":0,"125":0,"126":0,"127":0,"128":0,"129":0,"130":0,"131":0,"132":0,"133":0,"134":0,"135":1,"136":0,"137":1,"138":0,"139":0,"140":0,"141":1,"142":0,"143":0,"144":0,"145":0,"146":0,"147":0,"148":0,"149":0,"150":1,"151":0,"152":1,"153":0,"154":0,"155":0,"156":0,"157":1,"158":0,"159":0,"160":0,"161":1,"162":0,"163":0,"164":0,"165":0,"166":0,"167":0,"168":0,"169":0,"170":0,"171":0,"172":0,"173":0,"174":0,"175":1,"176":0,"177":0,"178":0,"179":0,"180":0,"181":0,"182":0,"183":1,"184":0,"185":0,"186":0,"187":0,"188":0,"189":0,"190":0,"191":0,"192":1,"193":0,"194":0,"195":0,"196":0,"197":0,"198":0,"199":0,"200":0,"201":0,"202":0,"203":0,"204":0,"205":0,"206":0,"207":0,"208":1,"209":0,"210":0,"211":0,"212":0,"213":0,"214":0,"215":0,"216":0,"217":0,"218":0,"219":0,"220":0,"221":1,"222":0,"223":0,"224":0,"225":0,"226":0,"227":0,"228":0,"229":1,"230":0,"231":0,"232":0,"233":0,"234":1,"235":0,"236":0,"237":0,"238":0,"239":0,"240":0,"241":0,"242":0,"243":0,"244":1,"245":0,"246":0,"247":0,"248":0,"249":0,"250":0,"251":0,"252":0,"253":0,"254":0,"255":0,"256":0,"257":0,"258":0,"259":0,"260":0,"261":0,"262":0,"263":0,"264":0,"265":0,"266":0,"267":0,"268":0,"269":0,"270":0,"271":0,"272":0,"273":0,"274":0,"275":0,"276":0,"277":0,"278":0,"279":0,"280":0,"281":1,"282":0,"283":1,"284":0,"285":0,"286":1,"287":0,"288":0,"289":1,"290":0,"291":1,"292":0,"293":0,"294":1,"295":0,"296":0,"297":0,"298":0,"299":0,"300":0,"301":0,"302":0,"303":0,"304":0,"305":0,"306":0,"307":1,"308":0,"309":0,"310":0,"311":0,"312":0,"313":1,"314":0,"315":0,"316":0,"317":0,"318":0,"319":0,"320":1,"321":0,"322":0,"323":0,"324":1,"325":0,"326":0,"327":0,"328":0,"329":0,"330":0,"331":0,"332":0,"333":0,"334":0,"335":0,"336":0,"337":1,"338":0,"339":0,"340":0,"341":0,"342":1,"343":0,"344":1,"345":0,"346":1,"347":0,"348":0,"349":0,"350":0,"351":0,"352":0,"353":0,"354":0,"355":0,"356":1,"357":0,"358":0,"359":0,"360":0,"361":0,"362":0,"363":0,"364":0,"365":0,"366":1,"367":0,"368":0,"369":1,"370":0,"371":0,"372":0,"373":0,"374":0,"375":1,"376":0,"377":0,"378":0,"379":0,"380":0,"381":0,"382":0,"383":1,"384":0,"385":1,"386":0,"387":1,"388":0,"389":1,"390":0,"391":1,"392":0,"393":1,"394":0,"395":1,"396":0,"397":0,"398":0,"399":0,"400":0,"401":0,"402":0,"403":1,"404":0,"405":1,"406":0,"407":0,"408":0,"409":0,"410":1,"411":0,"412":0,"413":0,"414":0,"415":0,"416":1,"417":0,"418":0,"419":0,"420":0,"421":0,"422":0},"b":{"1":[0,0],"2":[0,0],"3":[0,0],"4":[0,0],"5":[0,0],"6":[0,0],"7":[0,0],"8":[0,0],"9":[0,0],"10":[0,0],"11":[0,0],"12":[0,0],"13":[0,0],"14":[0,0],"15":[0,0],"16":[0,0],"17":[0,0],"18":[0,0],"19":[0,0],"20":[0,0],"21":[0,0],"22":[0,0],"23":[0,0,0],"24":[0,0],"25":[0,0],"26":[0,0],"27":[0,0],"28":[0,0],"29":[0,0],"30":[0,0],"31":[0,0,0,0],"32":[0,0],"33":[0,0],"34":[0,0],"35":[0,0],"36":[0,0],"37":[0,0],"38":[0,0],"39":[0,0],"40":[0,0],"41":[0,0],"42":[0,0],"43":[0,0],"44":[0,0],"45":[0,0],"46":[0,0],"47":[0,0],"48":[0,0],"49":[0,0],"50":[0,0],"51":[0,0,0,0,0],"52":[0,0],"53":[0,0],"54":[0,0,0],"55":[0,0],"56":[0,0],"57":[0,0],"58":[0,0],"59":[0,0],"60":[0,0],"61":[0,0],"62":[0,0],"63":[0,0],"64":[0,0],"65":[0,0],"66":[0,0],"67":[0,0],"68":[0,0],"69":[0,0],"70":[0,0],"71":[0,0],"72":[0,0],"73":[0,0],"74":[0,0],"75":[0,0],"76":[0,0],"77":[0,0],"78":[0,0],"79":[0,0],"80":[0,0],"81":[0,0],"82":[0,0],"83":[0,0],"84":[0,0],"85":[0,0],"86":[0,0,0],"87":[0,0],"88":[0,0],"89":[0,0],"90":[0,0],"91":[0,0],"92":[0,0],"93":[0,0],"94":[0,0,0,0],"95":[0,0],"96":[0,0],"97":[0,0],"98":[0,0],"99":[0,0],"100":[0,0],"101":[0,0],"102":[0,0],"103":[0,0],"104":[0,0],"105":[0,0],"106":[0,0],"107":[0,0],"108":[0,0],"109":[0,0],"110":[0,0],"111":[0,0],"112":[0,0],"113":[0,0],"114":[0,0],"115":[0,0],"116":[0,0],"117":[0,0],"118":[0,0],"119":[0,0],"120":[0,0],"121":[0,0],"122":[0,0],"123":[0,0],"124":[0,0],"125":[0,0],"126":[0,0,0,0],"127":[0,0],"128":[0,0],"129":[0,0],"130":[0,0],"131":[0,0],"132":[0,0],"133":[0,0],"134":[0,0],"135":[0,0],"136":[0,0],"137":[0,0,0]},"f":{"1":0,"2":0,"3":0,"4":0,"5":0,"6":0,"7":0,"8":0,"9":0,"10":0,"11":0,"12":0,"13":0,"14":0,"15":0,"16":0,"17":0,"18":0,"19":0,"20":0,"21":0,"22":0,"23":0,"24":0,"25":0,"26":0,"27":0,"28":0,"29":0,"30":0,"31":0,"32":0,"33":0,"34":0,"35":0,"36":0,"37":0,"38":0,"39":0,"40":0,"41":0,"42":0,"43":0,"44":0,"45":0,"46":0,"47":0,"48":0,"49":0,"50":0,"51":0,"52":0,"53":0,"54":0},"fnMap":{"1":{"name":"dragula","line":9,"loc":{"start":{"line":9,"column":0},"end":{"line":9,"column":46}}},"2":{"name":"isContainer","line":62,"loc":{"start":{"line":62,"column":2},"end":{"line":62,"column":28}}},"3":{"name":"events","line":66,"loc":{"start":{"line":66,"column":2},"end":{"line":66,"column":27}}},"4":{"name":"eventualMovements","line":72,"loc":{"start":{"line":72,"column":2},"end":{"line":72,"column":38}}},"5":{"name":"movements","line":77,"loc":{"start":{"line":77,"column":2},"end":{"line":77,"column":30}}},"6":{"name":"destroy","line":83,"loc":{"start":{"line":83,"column":2},"end":{"line":83,"column":22}}},"7":{"name":"preventGrabbed","line":88,"loc":{"start":{"line":88,"column":2},"end":{"line":88,"column":30}}},"8":{"name":"grab","line":94,"loc":{"start":{"line":94,"column":2},"end":{"line":94,"column":20}}},"9":{"name":"startBecauseMouseMoved","line":118,"loc":{"start":{"line":118,"column":2},"end":{"line":118,"column":38}}},"10":{"name":"canStart","line":154,"loc":{"start":{"line":154,"column":2},"end":{"line":154,"column":27}}},"11":{"name":"canMove","line":190,"loc":{"start":{"line":190,"column":2},"end":{"line":190,"column":26}}},"12":{"name":"manualStart","line":194,"loc":{"start":{"line":194,"column":2},"end":{"line":194,"column":30}}},"13":{"name":"start","line":201,"loc":{"start":{"line":201,"column":2},"end":{"line":201,"column":27}}},"14":{"name":"invalidTarget","line":215,"loc":{"start":{"line":215,"column":2},"end":{"line":215,"column":28}}},"15":{"name":"end","line":219,"loc":{"start":{"line":219,"column":2},"end":{"line":219,"column":18}}},"16":{"name":"ungrab","line":227,"loc":{"start":{"line":227,"column":2},"end":{"line":227,"column":21}}},"17":{"name":"release","line":233,"loc":{"start":{"line":233,"column":2},"end":{"line":233,"column":23}}},"18":{"name":"drop","line":253,"loc":{"start":{"line":253,"column":2},"end":{"line":253,"column":31}}},"19":{"name":"remove","line":266,"loc":{"start":{"line":266,"column":2},"end":{"line":266,"column":21}}},"20":{"name":"cancel","line":279,"loc":{"start":{"line":279,"column":2},"end":{"line":279,"column":27}}},"21":{"name":"cleanup","line":304,"loc":{"start":{"line":304,"column":2},"end":{"line":304,"column":22}}},"22":{"name":"isInitialPlacement","line":322,"loc":{"start":{"line":322,"column":2},"end":{"line":322,"column":42}}},"23":{"name":"findDropTarget","line":334,"loc":{"start":{"line":334,"column":2},"end":{"line":334,"column":66}}},"24":{"name":"accepted","line":341,"loc":{"start":{"line":341,"column":4},"end":{"line":341,"column":25}}},"25":{"name":"drag","line":357,"loc":{"start":{"line":357,"column":2},"end":{"line":357,"column":20}}},"26":{"name":"moved","line":409,"loc":{"start":{"line":409,"column":4},"end":{"line":409,"column":26}}},"27":{"name":"over","line":410,"loc":{"start":{"line":410,"column":4},"end":{"line":410,"column":21}}},"28":{"name":"out","line":411,"loc":{"start":{"line":411,"column":4},"end":{"line":411,"column":20}}},"29":{"name":"spillOver","line":414,"loc":{"start":{"line":414,"column":2},"end":{"line":414,"column":26}}},"30":{"name":"spillOut","line":418,"loc":{"start":{"line":418,"column":2},"end":{"line":418,"column":25}}},"31":{"name":"renderMirrorImage","line":422,"loc":{"start":{"line":422,"column":2},"end":{"line":422,"column":32}}},"32":{"name":"removeMirrorImage","line":438,"loc":{"start":{"line":438,"column":2},"end":{"line":438,"column":32}}},"33":{"name":"getImmediateChild","line":447,"loc":{"start":{"line":447,"column":2},"end":{"line":447,"column":50}}},"34":{"name":"getReference","line":458,"loc":{"start":{"line":458,"column":2},"end":{"line":458,"column":51}}},"35":{"name":"outside","line":463,"loc":{"start":{"line":463,"column":4},"end":{"line":463,"column":24}}},"36":{"name":"inside","line":477,"loc":{"start":{"line":477,"column":4},"end":{"line":477,"column":23}}},"37":{"name":"resolve","line":485,"loc":{"start":{"line":485,"column":4},"end":{"line":485,"column":29}}},"38":{"name":"isCopy","line":490,"loc":{"start":{"line":490,"column":2},"end":{"line":490,"column":36}}},"39":{"name":"touchy","line":495,"loc":{"start":{"line":495,"column":0},"end":{"line":495,"column":35}}},"40":{"name":"whichMouseButton","line":521,"loc":{"start":{"line":521,"column":0},"end":{"line":521,"column":30}}},"41":{"name":"getOffset","line":531,"loc":{"start":{"line":531,"column":0},"end":{"line":531,"column":24}}},"42":{"name":"getScroll","line":539,"loc":{"start":{"line":539,"column":0},"end":{"line":539,"column":44}}},"43":{"name":"getElementBehindPoint","line":549,"loc":{"start":{"line":549,"column":0},"end":{"line":549,"column":45}}},"44":{"name":"never","line":559,"loc":{"start":{"line":559,"column":0},"end":{"line":559,"column":18}}},"45":{"name":"always","line":560,"loc":{"start":{"line":560,"column":0},"end":{"line":560,"column":19}}},"46":{"name":"getRectWidth","line":561,"loc":{"start":{"line":561,"column":0},"end":{"line":561,"column":29}}},"47":{"name":"getRectHeight","line":562,"loc":{"start":{"line":562,"column":0},"end":{"line":562,"column":30}}},"48":{"name":"getParent","line":563,"loc":{"start":{"line":563,"column":0},"end":{"line":563,"column":24}}},"49":{"name":"isInput","line":564,"loc":{"start":{"line":564,"column":0},"end":{"line":564,"column":22}}},"50":{"name":"isEditable","line":565,"loc":{"start":{"line":565,"column":0},"end":{"line":565,"column":25}}},"51":{"name":"nextEl","line":572,"loc":{"start":{"line":572,"column":0},"end":{"line":572,"column":21}}},"52":{"name":"manually","line":574,"loc":{"start":{"line":574,"column":2},"end":{"line":574,"column":23}}},"53":{"name":"getEventHost","line":583,"loc":{"start":{"line":583,"column":0},"end":{"line":583,"column":26}}},"54":{"name":"getCoord","line":596,"loc":{"start":{"line":596,"column":0},"end":{"line":596,"column":29}}}},"statementMap":{"1":{"start":{"line":3,"column":0},"end":{"line":3,"column":40}},"2":{"start":{"line":4,"column":0},"end":{"line":4,"column":37}},"3":{"start":{"line":5,"column":0},"end":{"line":5,"column":35}},"4":{"start":{"line":6,"column":0},"end":{"line":6,"column":19}},"5":{"start":{"line":7,"column":0},"end":{"line":7,"column":42}},"6":{"start":{"line":9,"column":0},"end":{"line":493,"column":1}},"7":{"start":{"line":10,"column":2},"end":{"line":10,"column":29}},"8":{"start":{"line":11,"column":2},"end":{"line":14,"column":3}},"9":{"start":{"line":12,"column":4},"end":{"line":12,"column":32}},"10":{"start":{"line":13,"column":4},"end":{"line":13,"column":27}},"11":{"start":{"line":15,"column":2},"end":{"line":15,"column":14}},"12":{"start":{"line":16,"column":2},"end":{"line":16,"column":14}},"13":{"start":{"line":17,"column":2},"end":{"line":17,"column":12}},"14":{"start":{"line":18,"column":2},"end":{"line":18,"column":15}},"15":{"start":{"line":19,"column":2},"end":{"line":19,"column":15}},"16":{"start":{"line":20,"column":2},"end":{"line":20,"column":13}},"17":{"start":{"line":21,"column":2},"end":{"line":21,"column":13}},"18":{"start":{"line":22,"column":2},"end":{"line":22,"column":22}},"19":{"start":{"line":23,"column":2},"end":{"line":23,"column":22}},"20":{"start":{"line":24,"column":2},"end":{"line":24,"column":12}},"21":{"start":{"line":25,"column":2},"end":{"line":25,"column":19}},"22":{"start":{"line":26,"column":2},"end":{"line":26,"column":29}},"23":{"start":{"line":27,"column":2},"end":{"line":27,"column":15}},"24":{"start":{"line":29,"column":2},"end":{"line":29,"column":24}},"25":{"start":{"line":30,"column":2},"end":{"line":30,"column":47}},"26":{"start":{"line":30,"column":28},"end":{"line":30,"column":45}},"27":{"start":{"line":31,"column":2},"end":{"line":31,"column":51}},"28":{"start":{"line":31,"column":30},"end":{"line":31,"column":49}},"29":{"start":{"line":32,"column":2},"end":{"line":32,"column":58}},"30":{"start":{"line":32,"column":30},"end":{"line":32,"column":56}},"31":{"start":{"line":33,"column":2},"end":{"line":33,"column":74}},"32":{"start":{"line":33,"column":33},"end":{"line":33,"column":72}},"33":{"start":{"line":34,"column":2},"end":{"line":34,"column":58}},"34":{"start":{"line":34,"column":34},"end":{"line":34,"column":56}},"35":{"start":{"line":35,"column":2},"end":{"line":35,"column":44}},"36":{"start":{"line":35,"column":27},"end":{"line":35,"column":42}},"37":{"start":{"line":36,"column":2},"end":{"line":36,"column":64}},"38":{"start":{"line":36,"column":37},"end":{"line":36,"column":62}},"39":{"start":{"line":37,"column":2},"end":{"line":37,"column":62}},"40":{"start":{"line":37,"column":36},"end":{"line":37,"column":60}},"41":{"start":{"line":38,"column":2},"end":{"line":38,"column":62}},"42":{"start":{"line":38,"column":36},"end":{"line":38,"column":60}},"43":{"start":{"line":39,"column":2},"end":{"line":39,"column":59}},"44":{"start":{"line":39,"column":32},"end":{"line":39,"column":57}},"45":{"start":{"line":40,"column":2},"end":{"line":40,"column":83}},"46":{"start":{"line":40,"column":47},"end":{"line":40,"column":81}},"47":{"start":{"line":41,"column":2},"end":{"line":41,"column":69}},"48":{"start":{"line":41,"column":38},"end":{"line":41,"column":67}},"49":{"start":{"line":43,"column":2},"end":{"line":52,"column":5}},"50":{"start":{"line":54,"column":2},"end":{"line":56,"column":3}},"51":{"start":{"line":55,"column":4},"end":{"line":55,"column":52}},"52":{"start":{"line":58,"column":2},"end":{"line":58,"column":11}},"53":{"start":{"line":60,"column":2},"end":{"line":60,"column":15}},"54":{"start":{"line":62,"column":2},"end":{"line":64,"column":3}},"55":{"start":{"line":63,"column":4},"end":{"line":63,"column":68}},"56":{"start":{"line":66,"column":2},"end":{"line":70,"column":3}},"57":{"start":{"line":67,"column":4},"end":{"line":67,"column":39}},"58":{"start":{"line":68,"column":4},"end":{"line":68,"column":51}},"59":{"start":{"line":69,"column":4},"end":{"line":69,"column":52}},"60":{"start":{"line":72,"column":2},"end":{"line":75,"column":3}},"61":{"start":{"line":73,"column":4},"end":{"line":73,"column":39}},"62":{"start":{"line":74,"column":4},"end":{"line":74,"column":69}},"63":{"start":{"line":77,"column":2},"end":{"line":81,"column":3}},"64":{"start":{"line":78,"column":4},"end":{"line":78,"column":39}},"65":{"start":{"line":79,"column":4},"end":{"line":79,"column":66}},"66":{"start":{"line":80,"column":4},"end":{"line":80,"column":60}},"67":{"start":{"line":83,"column":2},"end":{"line":86,"column":3}},"68":{"start":{"line":84,"column":4},"end":{"line":84,"column":17}},"69":{"start":{"line":85,"column":4},"end":{"line":85,"column":16}},"70":{"start":{"line":88,"column":2},"end":{"line":92,"column":3}},"71":{"start":{"line":89,"column":4},"end":{"line":91,"column":5}},"72":{"start":{"line":90,"column":6},"end":{"line":90,"column":25}},"73":{"start":{"line":94,"column":2},"end":{"line":116,"column":3}},"74":{"start":{"line":95,"column":4},"end":{"line":95,"column":23}},"75":{"start":{"line":96,"column":4},"end":{"line":96,"column":23}},"76":{"start":{"line":98,"column":4},"end":{"line":98,"column":69}},"77":{"start":{"line":99,"column":4},"end":{"line":101,"column":5}},"78":{"start":{"line":100,"column":6},"end":{"line":100,"column":13}},"79":{"start":{"line":102,"column":4},"end":{"line":102,"column":24}},"80":{"start":{"line":103,"column":4},"end":{"line":103,"column":33}},"81":{"start":{"line":104,"column":4},"end":{"line":106,"column":5}},"82":{"start":{"line":105,"column":6},"end":{"line":105,"column":13}},"83":{"start":{"line":107,"column":4},"end":{"line":107,"column":23}},"84":{"start":{"line":108,"column":4},"end":{"line":108,"column":24}},"85":{"start":{"line":109,"column":4},"end":{"line":115,"column":5}},"86":{"start":{"line":110,"column":6},"end":{"line":114,"column":7}},"87":{"start":{"line":111,"column":8},"end":{"line":111,"column":21}},"88":{"start":{"line":113,"column":8},"end":{"line":113,"column":27}},"89":{"start":{"line":118,"column":2},"end":{"line":152,"column":3}},"90":{"start":{"line":119,"column":4},"end":{"line":121,"column":5}},"91":{"start":{"line":120,"column":6},"end":{"line":120,"column":13}},"92":{"start":{"line":122,"column":4},"end":{"line":125,"column":5}},"93":{"start":{"line":123,"column":6},"end":{"line":123,"column":18}},"94":{"start":{"line":124,"column":6},"end":{"line":124,"column":13}},"95":{"start":{"line":127,"column":4},"end":{"line":129,"column":5}},"96":{"start":{"line":128,"column":6},"end":{"line":128,"column":13}},"97":{"start":{"line":130,"column":4},"end":{"line":137,"column":5}},"98":{"start":{"line":131,"column":6},"end":{"line":131,"column":43}},"99":{"start":{"line":132,"column":6},"end":{"line":132,"column":43}},"100":{"start":{"line":133,"column":6},"end":{"line":133,"column":71}},"101":{"start":{"line":134,"column":6},"end":{"line":136,"column":7}},"102":{"start":{"line":135,"column":8},"end":{"line":135,"column":15}},"103":{"start":{"line":139,"column":4},"end":{"line":139,"column":27}},"104":{"start":{"line":140,"column":4},"end":{"line":140,"column":28}},"105":{"start":{"line":141,"column":4},"end":{"line":141,"column":16}},"106":{"start":{"line":142,"column":4},"end":{"line":142,"column":10}},"107":{"start":{"line":143,"column":4},"end":{"line":143,"column":19}},"108":{"start":{"line":145,"column":4},"end":{"line":145,"column":34}},"109":{"start":{"line":146,"column":4},"end":{"line":146,"column":50}},"110":{"start":{"line":147,"column":4},"end":{"line":147,"column":49}},"111":{"start":{"line":149,"column":4},"end":{"line":149,"column":46}},"112":{"start":{"line":150,"column":4},"end":{"line":150,"column":24}},"113":{"start":{"line":151,"column":4},"end":{"line":151,"column":12}},"114":{"start":{"line":154,"column":2},"end":{"line":188,"column":3}},"115":{"start":{"line":155,"column":4},"end":{"line":157,"column":5}},"116":{"start":{"line":156,"column":6},"end":{"line":156,"column":13}},"117":{"start":{"line":158,"column":4},"end":{"line":160,"column":5}},"118":{"start":{"line":159,"column":6},"end":{"line":159,"column":13}},"119":{"start":{"line":161,"column":4},"end":{"line":161,"column":22}},"120":{"start":{"line":162,"column":4},"end":{"line":170,"column":5}},"121":{"start":{"line":163,"column":6},"end":{"line":165,"column":7}},"122":{"start":{"line":164,"column":8},"end":{"line":164,"column":15}},"123":{"start":{"line":166,"column":6},"end":{"line":166,"column":29}},"124":{"start":{"line":167,"column":6},"end":{"line":169,"column":7}},"125":{"start":{"line":168,"column":8},"end":{"line":168,"column":15}},"126":{"start":{"line":171,"column":4},"end":{"line":171,"column":33}},"127":{"start":{"line":172,"column":4},"end":{"line":174,"column":5}},"128":{"start":{"line":173,"column":6},"end":{"line":173,"column":13}},"129":{"start":{"line":175,"column":4},"end":{"line":177,"column":5}},"130":{"start":{"line":176,"column":6},"end":{"line":176,"column":13}},"131":{"start":{"line":179,"column":4},"end":{"line":179,"column":62}},"132":{"start":{"line":180,"column":4},"end":{"line":182,"column":5}},"133":{"start":{"line":181,"column":6},"end":{"line":181,"column":13}},"134":{"start":{"line":184,"column":4},"end":{"line":187,"column":6}},"135":{"start":{"line":190,"column":2},"end":{"line":192,"column":3}},"136":{"start":{"line":191,"column":4},"end":{"line":191,"column":28}},"137":{"start":{"line":194,"column":2},"end":{"line":199,"column":3}},"138":{"start":{"line":195,"column":4},"end":{"line":195,"column":33}},"139":{"start":{"line":196,"column":4},"end":{"line":198,"column":5}},"140":{"start":{"line":197,"column":6},"end":{"line":197,"column":21}},"141":{"start":{"line":201,"column":2},"end":{"line":213,"column":3}},"142":{"start":{"line":202,"column":4},"end":{"line":205,"column":5}},"143":{"start":{"line":203,"column":6},"end":{"line":203,"column":43}},"144":{"start":{"line":204,"column":6},"end":{"line":204,"column":56}},"145":{"start":{"line":207,"column":4},"end":{"line":207,"column":29}},"146":{"start":{"line":208,"column":4},"end":{"line":208,"column":25}},"147":{"start":{"line":209,"column":4},"end":{"line":209,"column":61}},"148":{"start":{"line":211,"column":4},"end":{"line":211,"column":26}},"149":{"start":{"line":212,"column":4},"end":{"line":212,"column":39}},"150":{"start":{"line":215,"column":2},"end":{"line":217,"column":3}},"151":{"start":{"line":216,"column":4},"end":{"line":216,"column":17}},"152":{"start":{"line":219,"column":2},"end":{"line":225,"column":3}},"153":{"start":{"line":220,"column":4},"end":{"line":222,"column":5}},"154":{"start":{"line":221,"column":6},"end":{"line":221,"column":13}},"155":{"start":{"line":223,"column":4},"end":{"line":223,"column":30}},"156":{"start":{"line":224,"column":4},"end":{"line":224,"column":32}},"157":{"start":{"line":227,"column":2},"end":{"line":231,"column":3}},"158":{"start":{"line":228,"column":4},"end":{"line":228,"column":21}},"159":{"start":{"line":229,"column":4},"end":{"line":229,"column":28}},"160":{"start":{"line":230,"column":4},"end":{"line":230,"column":20}},"161":{"start":{"line":233,"column":2},"end":{"line":251,"column":3}},"162":{"start":{"line":234,"column":4},"end":{"line":234,"column":13}},"163":{"start":{"line":236,"column":4},"end":{"line":238,"column":5}},"164":{"start":{"line":237,"column":6},"end":{"line":237,"column":13}},"165":{"start":{"line":239,"column":4},"end":{"line":239,"column":30}},"166":{"start":{"line":240,"column":4},"end":{"line":240,"column":41}},"167":{"start":{"line":241,"column":4},"end":{"line":241,"column":41}},"168":{"start":{"line":242,"column":4},"end":{"line":242,"column":79}},"169":{"start":{"line":243,"column":4},"end":{"line":243,"column":75}},"170":{"start":{"line":244,"column":4},"end":{"line":250,"column":5}},"171":{"start":{"line":245,"column":6},"end":{"line":245,"column":29}},"172":{"start":{"line":246,"column":11},"end":{"line":250,"column":5}},"173":{"start":{"line":247,"column":6},"end":{"line":247,"column":15}},"174":{"start":{"line":249,"column":6},"end":{"line":249,"column":15}},"175":{"start":{"line":253,"column":2},"end":{"line":264,"column":3}},"176":{"start":{"line":254,"column":4},"end":{"line":254,"column":33}},"177":{"start":{"line":255,"column":4},"end":{"line":257,"column":5}},"178":{"start":{"line":256,"column":6},"end":{"line":256,"column":32}},"179":{"start":{"line":258,"column":4},"end":{"line":262,"column":5}},"180":{"start":{"line":259,"column":6},"end":{"line":259,"column":51}},"181":{"start":{"line":261,"column":6},"end":{"line":261,"column":65}},"182":{"start":{"line":263,"column":4},"end":{"line":263,"column":14}},"183":{"start":{"line":266,"column":2},"end":{"line":277,"column":3}},"184":{"start":{"line":267,"column":4},"end":{"line":269,"column":5}},"185":{"start":{"line":268,"column":6},"end":{"line":268,"column":13}},"186":{"start":{"line":270,"column":4},"end":{"line":270,"column":30}},"187":{"start":{"line":271,"column":4},"end":{"line":271,"column":33}},"188":{"start":{"line":272,"column":4},"end":{"line":274,"column":5}},"189":{"start":{"line":273,"column":6},"end":{"line":273,"column":31}},"190":{"start":{"line":275,"column":4},"end":{"line":275,"column":67}},"191":{"start":{"line":276,"column":4},"end":{"line":276,"column":14}},"192":{"start":{"line":279,"column":2},"end":{"line":302,"column":3}},"193":{"start":{"line":280,"column":4},"end":{"line":282,"column":5}},"194":{"start":{"line":281,"column":6},"end":{"line":281,"column":13}},"195":{"start":{"line":283,"column":4},"end":{"line":283,"column":66}},"196":{"start":{"line":284,"column":4},"end":{"line":284,"column":30}},"197":{"start":{"line":285,"column":4},"end":{"line":285,"column":33}},"198":{"start":{"line":286,"column":4},"end":{"line":286,"column":45}},"199":{"start":{"line":287,"column":4},"end":{"line":295,"column":5}},"200":{"start":{"line":288,"column":6},"end":{"line":294,"column":7}},"201":{"start":{"line":289,"column":8},"end":{"line":291,"column":9}},"202":{"start":{"line":290,"column":10},"end":{"line":290,"column":36}},"203":{"start":{"line":293,"column":8},"end":{"line":293,"column":52}},"204":{"start":{"line":296,"column":4},"end":{"line":300,"column":5}},"205":{"start":{"line":297,"column":6},"end":{"line":297,"column":51}},"206":{"start":{"line":299,"column":6},"end":{"line":299,"column":65}},"207":{"start":{"line":301,"column":4},"end":{"line":301,"column":14}},"208":{"start":{"line":304,"column":2},"end":{"line":320,"column":3}},"209":{"start":{"line":305,"column":4},"end":{"line":305,"column":30}},"210":{"start":{"line":306,"column":4},"end":{"line":306,"column":13}},"211":{"start":{"line":307,"column":4},"end":{"line":307,"column":24}},"212":{"start":{"line":308,"column":4},"end":{"line":310,"column":5}},"213":{"start":{"line":309,"column":6},"end":{"line":309,"column":37}},"214":{"start":{"line":311,"column":4},"end":{"line":313,"column":5}},"215":{"start":{"line":312,"column":6},"end":{"line":312,"column":33}},"216":{"start":{"line":314,"column":4},"end":{"line":314,"column":27}},"217":{"start":{"line":315,"column":4},"end":{"line":317,"column":5}},"218":{"start":{"line":316,"column":6},"end":{"line":316,"column":56}},"219":{"start":{"line":318,"column":4},"end":{"line":318,"column":32}},"220":{"start":{"line":319,"column":4},"end":{"line":319,"column":104}},"221":{"start":{"line":322,"column":2},"end":{"line":332,"column":3}},"222":{"start":{"line":323,"column":4},"end":{"line":323,"column":16}},"223":{"start":{"line":324,"column":4},"end":{"line":330,"column":5}},"224":{"start":{"line":325,"column":6},"end":{"line":325,"column":18}},"225":{"start":{"line":326,"column":11},"end":{"line":330,"column":5}},"226":{"start":{"line":327,"column":6},"end":{"line":327,"column":32}},"227":{"start":{"line":329,"column":6},"end":{"line":329,"column":39}},"228":{"start":{"line":331,"column":4},"end":{"line":331,"column":61}},"229":{"start":{"line":334,"column":2},"end":{"line":355,"column":3}},"230":{"start":{"line":335,"column":4},"end":{"line":335,"column":37}},"231":{"start":{"line":336,"column":4},"end":{"line":338,"column":5}},"232":{"start":{"line":337,"column":6},"end":{"line":337,"column":33}},"233":{"start":{"line":339,"column":4},"end":{"line":339,"column":18}},"234":{"start":{"line":341,"column":4},"end":{"line":354,"column":5}},"235":{"start":{"line":342,"column":6},"end":{"line":342,"column":42}},"236":{"start":{"line":343,"column":6},"end":{"line":345,"column":7}},"237":{"start":{"line":344,"column":8},"end":{"line":344,"column":21}},"238":{"start":{"line":347,"column":6},"end":{"line":347,"column":69}},"239":{"start":{"line":348,"column":6},"end":{"line":348,"column":72}},"240":{"start":{"line":349,"column":6},"end":{"line":349,"column":58}},"241":{"start":{"line":350,"column":6},"end":{"line":352,"column":7}},"242":{"start":{"line":351,"column":8},"end":{"line":351,"column":20}},"243":{"start":{"line":353,"column":6},"end":{"line":353,"column":58}},"244":{"start":{"line":357,"column":2},"end":{"line":412,"column":3}},"245":{"start":{"line":358,"column":4},"end":{"line":360,"column":5}},"246":{"start":{"line":359,"column":6},"end":{"line":359,"column":13}},"247":{"start":{"line":361,"column":4},"end":{"line":361,"column":23}},"248":{"start":{"line":363,"column":4},"end":{"line":363,"column":41}},"249":{"start":{"line":364,"column":4},"end":{"line":364,"column":41}},"250":{"start":{"line":365,"column":4},"end":{"line":365,"column":31}},"251":{"start":{"line":366,"column":4},"end":{"line":366,"column":31}},"252":{"start":{"line":368,"column":4},"end":{"line":368,"column":34}},"253":{"start":{"line":369,"column":4},"end":{"line":369,"column":33}},"254":{"start":{"line":371,"column":4},"end":{"line":371,"column":30}},"255":{"start":{"line":372,"column":4},"end":{"line":372,"column":79}},"256":{"start":{"line":373,"column":4},"end":{"line":373,"column":75}},"257":{"start":{"line":374,"column":4},"end":{"line":374,"column":72}},"258":{"start":{"line":375,"column":4},"end":{"line":379,"column":5}},"259":{"start":{"line":376,"column":6},"end":{"line":376,"column":12}},"260":{"start":{"line":377,"column":6},"end":{"line":377,"column":35}},"261":{"start":{"line":378,"column":6},"end":{"line":378,"column":13}},"262":{"start":{"line":380,"column":4},"end":{"line":380,"column":33}},"263":{"start":{"line":381,"column":4},"end":{"line":386,"column":5}},"264":{"start":{"line":382,"column":6},"end":{"line":384,"column":7}},"265":{"start":{"line":383,"column":8},"end":{"line":383,"column":33}},"266":{"start":{"line":385,"column":6},"end":{"line":385,"column":13}},"267":{"start":{"line":387,"column":4},"end":{"line":387,"column":18}},"268":{"start":{"line":388,"column":4},"end":{"line":388,"column":71}},"269":{"start":{"line":389,"column":4},"end":{"line":399,"column":5
[...]
tY = getCoord('pageY', e) - offset.top;","","    classes.add(_copy || _item, 'gu-transit');","    renderMirrorImage();","    drag(e);","  }","","  function canStart (item) {","    if (drake.dragging && _mirror) {","      return;","    }","    if (isContainer(item)) {","      return; // don't drag container itself","    }","    var handle = item;","    while (getParent(item) && isContainer(getParent(item)) === false) {","      if (o.invalid(item, handle)) {","        return;","      }","      item = getParent(item); // drag target should be a top element","      if (!item) {","        return;","      }","    }","    var source = getParent(item);","    if (!source) {","      return;","    }","    if (o.invalid(item, handle)) {","      return;","    }","","    var movable = o.moves(item, source, handle, nextEl(item));","    if (!movable) {","      return;","    }","","    return {","      item: item,","      source: source","    };","  }","","  function canMove (item) {","    return !!canStart(item);","  }","","  function manualStart (item) {","    var context = canStart(item);","    if (context) {","      start(context);","    }","  }","","  function start (context) {","    if (isCopy(context.item, context.source)) {","      _copy = context.item.cloneNode(true);","      drake.emit('cloned', _copy, context.item, 'copy');","    }","","    _source = context.source;","    _item = context.item;","    _initialSibling = _currentSibling = nextEl(context.item);","","    drake.dragging = true;","    drake.emit('drag', _item, _source);","  }","","  function invalidTarget () {","    return false;","  }","","  function end () {","    if (!drake.dragging) {","      return;","    }","    var item = _copy || _item;","    drop(item, getParent(item));","  }","","  function ungrab () {","    _grabbed = false;","    eventualMovements(true);","    movements(true);","  }","","  function release (e) {","    ungrab();","","    if (!drake.dragging) {","      return;","    }","    var item = _copy || _item;","    var clientX = getCoord('clientX', e);","    var clientY = getCoord('clientY', e);","    var elementBehindCursor = getElementBehindPoint(_mirror, clientX, clientY);","    var dropTarget = findDropTarget(elementBehindCursor, clientX, clientY);","    if (dropTarget && ((_copy && o.copySortSource) || (!_copy || dropTarget !== _source))) {","      drop(item, dropTarget);","    } else if (o.removeOnSpill) {","      remove();","    } else {","      cancel();","    }","  }","","  function drop (item, target) {","    var parent = getParent(item);","    if (_copy && o.copySortSource && target === _source) {","      parent.removeChild(_item);","    }","    if (isInitialPlacement(target)) {","      drake.emit('cancel', item, _source, _source);","    } else {","      drake.emit('drop', item, target, _source, _currentSibling);","    }","    cleanup();","  }","","  function remove () {","    if (!drake.dragging) {","      return;","    }","    var item = _copy || _item;","    var parent = getParent(item);","    if (parent) {","      parent.removeChild(item);","    }","    drake.emit(_copy ? 'cancel' : 'remove', item, parent, _source);","    cleanup();","  }","","  function cancel (revert) {","    if (!drake.dragging) {","      return;","    }","    var reverts = arguments.length > 0 ? revert : o.revertOnSpill;","    var item = _copy || _item;","    var parent = getParent(item);","    var initial = isInitialPlacement(parent);","    if (initial === false && reverts) {","      if (_copy) {","        if (parent) {","          parent.removeChild(_copy);","        }","      } else {","        _source.insertBefore(item, _initialSibling);","      }","    }","    if (initial || reverts) {","      drake.emit('cancel', item, _source, _source);","    } else {","      drake.emit('drop', item, parent, _source, _currentSibling);","    }","    cleanup();","  }","","  function cleanup () {","    var item = _copy || _item;","    ungrab();","    removeMirrorImage();","    if (item) {","      classes.rm(item, 'gu-transit');","    }","    if (_renderTimer) {","      clearTimeout(_renderTimer);","    }","    drake.dragging = false;","    if (_lastDropTarget) {","      drake.emit('out', item, _lastDropTarget, _source);","    }","    drake.emit('dragend', item);","    _source = _item = _copy = _initialSibling = _currentSibling = _renderTimer = _lastDropTarget = null;","  }","","  function isInitialPlacement (target, s) {","    var sibling;","    if (s !== void 0) {","      sibling = s;","    } else if (_mirror) {","      sibling = _currentSibling;","    } else {","      sibling = nextEl(_copy || _item);","    }","    return target === _source && sibling === _initialSibling;","  }","","  function findDropTarget (elementBehindCursor, clientX, clientY) {","    var target = elementBehindCursor;","    while (target && !accepted()) {","      target = getParent(target);","    }","    return target;","","    function accepted () {","      var droppable = isContainer(target);","      if (droppable === false) {","        return false;","      }","","      var immediate = getImmediateChild(target, elementBehindCursor);","      var reference = getReference(target, immediate, clientX, clientY);","      var initial = isInitialPlacement(target, reference);","      if (initial) {","        return true; // should always be able to drop it right back where it was","      }","      return o.accepts(_item, target, _source, reference);","    }","  }","","  function drag (e) {","    if (!_mirror) {","      return;","    }","    e.preventDefault();","","    var clientX = getCoord('clientX', e);","    var clientY = getCoord('clientY', e);","    var x = clientX - _offsetX;","    var y = clientY - _offsetY;","","    _mirror.style.left = x + 'px';","    _mirror.style.top = y + 'px';","","    var item = _copy || _item;","    var elementBehindCursor = getElementBehindPoint(_mirror, clientX, clientY);","    var dropTarget = findDropTarget(elementBehindCursor, clientX, clientY);","    var changed = dropTarget !== null && dropTarget !== _lastDropTarget;","    if (changed || dropTarget === null) {","      out();","      _lastDropTarget = dropTarget;","      over();","    }","    var parent = getParent(item);","    if (dropTarget === _source && _copy && !o.copySortSource) {","      if (parent) {","        parent.removeChild(item);","      }","      return;","    }","    var reference;","    var immediate = getImmediateChild(dropTarget, elementBehindCursor);","    if (immediate !== null) {","      reference = getReference(dropTarget, immediate, clientX, clientY);","    } else if (o.revertOnSpill === true && !_copy) {","      reference = _initialSibling;","      dropTarget = _source;","    } else {","      if (_copy && parent) {","        parent.removeChild(item);","      }","      return;","    }","    if (","      (reference === null && changed) ||","      reference !== item &&","      reference !== nextEl(item)","    ) {","      _currentSibling = reference;","      dropTarget.insertBefore(item, reference);","      drake.emit('shadow', item, dropTarget, _source);","    }","    function moved (type) { drake.emit(type, item, _lastDropTarget, _source); }","    function over () { if (changed) { moved('over'); } }","    function out () { if (_lastDropTarget) { moved('out'); } }","  }","","  function spillOver (el) {","    classes.rm(el, 'gu-hide');","  }","","  function spillOut (el) {","    if (drake.dragging) { classes.add(el, 'gu-hide'); }","  }","","  function renderMirrorImage () {","    if (_mirror) {","      return;","    }","    var rect = _item.getBoundingClientRect();","    _mirror = _item.cloneNode(true);","    _mirror.style.width = getRectWidth(rect) + 'px';","    _mirror.style.height = getRectHeight(rect) + 'px';","    classes.rm(_mirror, 'gu-transit');","    classes.add(_mirror, 'gu-mirror');","    o.mirrorContainer.appendChild(_mirror);","    touchy(documentElement, 'add', 'mousemove', drag);","    classes.add(o.mirrorContainer, 'gu-unselectable');","    drake.emit('cloned', _mirror, _item, 'mirror');","  }","","  function removeMirrorImage () {","    if (_mirror) {","      classes.rm(o.mirrorContainer, 'gu-unselectable');","      touchy(documentElement, 'remove', 'mousemove', drag);","      getParent(_mirror).removeChild(_mirror);","      _mirror = null;","    }","  }","","  function getImmediateChild (dropTarget, target) {","    var immediate = target;","    while (immediate !== dropTarget && getParent(immediate) !== dropTarget) {","      immediate = getParent(immediate);","    }","    if (immediate === documentElement) {","      return null;","    }","    return immediate;","  }","","  function getReference (dropTarget, target, x, y) {","    var horizontal = o.direction === 'horizontal';","    var reference = target !== dropTarget ? inside() : outside();","    return reference;","","    function outside () { // slower, but able to figure out any position","      var len = dropTarget.children.length;","      var i;","      var el;","      var rect;","      for (i = 0; i < len; i++) {","        el = dropTarget.children[i];","        rect = el.getBoundingClientRect();","        if (horizontal && (rect.left + rect.width / 2) > x) { return el; }","        if (!horizontal && (rect.top + rect.height / 2) > y) { return el; }","      }","      return null;","    }","","    function inside () { // faster, but only available if dropped inside a child element","      var rect = target.getBoundingClientRect();","      if (horizontal) {","        return resolve(x > rect.left + getRectWidth(rect) / 2);","      }","      return resolve(y > rect.top + getRectHeight(rect) / 2);","    }","","    function resolve (after) {","      return after ? nextEl(target) : target;","    }","  }","","  function isCopy (item, container) {","    return typeof o.copy === 'boolean' ? o.copy : o.copy(item, container);","  }","}","","function touchy (el, op, type, fn) {","  var touch = {","    mouseup: 'touchend',","    mousedown: 'touchstart',","    mousemove: 'touchmove'","  };","  var pointers = {","    mouseup: 'pointerup',","    mousedown: 'pointerdown',","    mousemove: 'pointermove'","  };","  var microsoft = {","    mouseup: 'MSPointerUp',","    mousedown: 'MSPointerDown',","    mousemove: 'MSPointerMove'","  };","  if (global.navigator.pointerEnabled) {","    crossvent[op](el, pointers[type], fn);","  } else if (global.navigator.msPointerEnabled) {","    crossvent[op](el, microsoft[type], fn);","  } else {","    crossvent[op](el, touch[type], fn);","    crossvent[op](el, type, fn);","  }","}","","function whichMouseButton (e) {","  if (e.touches !== void 0) { return e.touches.length; }","  if (e.which !== void 0 && e.which !== 0) { return e.which; } // see https://github.com/bevacqua/dragula/issues/261","  if (e.buttons !== void 0) { return e.buttons; }","  var button = e.button;","  if (button !== void 0) { // see https://github.com/jquery/jquery/blob/99e8ff1baa7ae341e94bb89c3e84570c7c3ad9ea/src/event.js#L573-L575","    return button & 1 ? 1 : button & 2 ? 3 : (button & 4 ? 2 : 0);","  }","}","","function getOffset (el) {","  var rect = el.getBoundingClientRect();","  return {","    left: rect.left + getScroll('scrollLeft', 'pageXOffset'),","    top: rect.top + getScroll('scrollTop', 'pageYOffset')","  };","}","","function getScroll (scrollProp, offsetProp) {","  if (typeof global[offsetProp] !== 'undefined') {","    return global[offsetProp];","  }","  if (documentElement.clientHeight) {","    return documentElement[scrollProp];","  }","  return doc.body[scrollProp];","}","","function getElementBehindPoint (point, x, y) {","  var p = point || {};","  var state = p.className;","  var el;","  p.className += ' gu-hide';","  el = doc.elementFromPoint(x, y);","  p.className = state;","  return el;","}","","function never () { return false; }","function always () { return true; }","function getRectWidth (rect) { return rect.width || (rect.right - rect.left); }","function getRectHeight (rect) { return rect.height || (rect.bottom - rect.top); }","function getParent (el) { return el.parentNode === doc ? null : el.parentNode; }","function isInput (el) { return el.tagName === 'INPUT' || el.tagName === 'TEXTAREA' || el.tagName === 'SELECT' || isEditable(el); }","function isEditable (el) {","  if (!el) { return false; } // no parents were editable","  if (el.contentEditable === 'false') { return false; } // stop the lookup","  if (el.contentEditable === 'true') { return true; } // found a contentEditable element in the chain","  return isEditable(getParent(el)); // contentEditable is set to 'inherit'","}","","function nextEl (el) {","  return el.nextElementSibling || manually();","  function manually () {","    var sibling = el;","    do {","      sibling = sibling.nextSibling;","    } while (sibling && sibling.nodeType !== 1);","    return sibling;","  }","}","","function getEventHost (e) {","  // on touchend event, we have to use `e.changedTouches`","  // see http://stackoverflow.com/questions/7192563/touchend-event-properties","  // see https://github.com/bevacqua/dragula/issues/34","  if (e.targetTouches && e.targetTouches.length) {","    return e.targetTouches[0];","  }","  if (e.changedTouches && e.changedTouches.length) {","    return e.changedTouches[0];","  }","  return e;","}","","function getCoord (coord, e) {","  var host = getEventHost(e);","  var missMap = {","    pageX: 'clientX', // IE8","    pageY: 'clientY' // IE8","  };","  if (coord in missMap && !(coord in host) && missMap[coord] in host) {","    coord = missMap[coord];","  }","  return host[coord];","}","","module.exports = dragula;",""],"l":{"3":2,"4":2,"5":0,"6":0,"7":0,"9":1,"10":0,"11":0,"12":0,"13":0,"15":0,"16":0,"17":0,"18":0,"19":0,"20":0,"21":0,"22":0,"23":0,"24":0,"25":0,"26":0,"27":0,"29":0,"30":0,"31":0,"32":0,"33":0,"34":0,"35":0,"36":0,"37":0,"38":0,"39":0,"40":0,"41":0,"43":0,"54":0,"55":0,"58":0,"60":0,"62":1,"63":0,"66":1,"67":0,"68":0,"69":0,"72":1,"73":0,"74":0,"77":1,"78":0,"79":0,"80":0,"83":1,"84":0,"85":0,"88":1,"89":0,"90":0,"94":1,"95":0,"96":0,"98":0,"99":0,"100":0,"102":0,"103":0,"104":0,"105":0,"107":0,"108":0,"109":0,"110":0,"111":0,"113":0,"118":1,"119":0,"120":0,"122":0,"123":0,"124":0,"127":0,"128":0,"130":0,"131":0,"132":0,"133":0,"134":0,"135":0,"139":0,"140":0,"141":0,"142":0,"143":0,"145":0,"146":0,"147":0,"149":0,"150":0,"151":0,"154":1,"155":0,"156":0,"158":0,"159":0,"161":0,"162":0,"163":0,"164":0,"166":0,"167":0,"168":0,"171":0,"172":0,"173":0,"175":0,"176":0,"179":0,"180":0,"181":0,"184":0,"190":1,"191":0,"194":1,"195":0,"196":0,"197":0,"201":1,"202":0,"203":0,"204":0,"207":0,"208":0,"209":0,"211":0,"212":0,"215":1,"216":0,"219":1,"220":0,"221":0,"223":0,"224":0,"227":1,"228":0,"229":0,"230":0,"233":1,"234":0,"236":0,"237":0,"239":0,"240":0,"241":0,"242":0,"243":0,"244":0,"245":0,"246":0,"247":0,"249":0,"253":1,"254":0,"255":0,"256":0,"258":0,"259":0,"261":0,"263":0,"266":1,"267":0,"268":0,"270":0,"271":0,"272":0,"273":0,"275":0,"276":0,"279":1,"280":0,"281":0,"283":0,"284":0,"285":0,"286":0,"287":0,"288":0,"289":0,"290":0,"293":0,"296":0,"297":0,"299":0,"301":0,"304":1,"305":0,"306":0,"307":0,"308":0,"309":0,"311":0,"312":0,"314":0,"315":0,"316":0,"318":0,"319":0,"322":1,"323":0,"324":0,"325":0,"326":0,"327":0,"329":0,"331":0,"334":1,"335":0,"336":0,"337":0,"339":0,"341":1,"342":0,"343":0,"344":0,"347":0,"348":0,"349":0,"350":0,"351":0,"353":0,"357":1,"358":0,"359":0,"361":0,"363":0,"364":0,"365":0,"366":0,"368":0,"369":0,"371":0,"372":0,"373":0,"374":0,"375":0,"376":0,"377":0,"378":0,"380":0,"381":0,"382":0,"383":0,"385":0,"387":0,"388":0,"389":0,"390":0,"391":0,"392":0,"393":0,"395":0,"396":0,"398":0,"400":0,"405":0,"406":0,"407":0,"409":1,"410":1,"411":1,"414":1,"415":0,"418":1,"419":0,"422":1,"423":0,"424":0,"426":0,"427":0,"428":0,"429":0,"430":0,"431":0,"432":0,"433":0,"434":0,"435":0,"438":1,"439":0,"440":0,"441":0,"442":0,"443":0,"447":1,"448":0,"449":0,"450":0,"452":0,"453":0,"455":0,"458":1,"459":0,"460":0,"461":0,"463":1,"464":0,"465":0,"466":0,"467":0,"468":0,"469":0,"470":0,"471":0,"472":0,"474":0,"477":1,"478":0,"479":0,"480":0,"482":0,"485":1,"486":0,"490":1,"491":0,"495":1,"496":0,"501":0,"506":0,"511":0,"512":0,"513":0,"514":0,"516":0,"517":0,"521":1,"522":0,"523":0,"524":0,"525":0,"526":0,"527":0,"531":1,"532":0,"533":0,"539":1,"540":0,"541":0,"543":0,"544":0,"546":0,"549":1,"550":0,"551":0,"552":0,"553":0,"554":0,"555":0,"556":0,"559":1,"560":1,"561":1,"562":1,"563":1,"564":1,"565":1,"566":0,"567":0,"568":0,"569":0,"572":1,"573":0,"574":1,"575":0,"576":0,"577":0,"579":0,"583":1,"587":0,"588":0,"590":0,"591":0,"593":0,"596":1,"597":0,"598":0,"602":0,"603":0,"605":0,"608":0}},"/home/travis/build/npmtest/node-npmtest-dragula/node_modules/dragula/classes.js":{"path":"/home/travis/build/npmtest/node-npmtest-dragula/node_modules/dragula/classes.js","s":{"1":1,"2":1,"3":1,"4":1,"5":0,"6":0,"7":0,"8":0,"9":0,"10":1,"11":0,"12":0,"13":0,"14":0,"15":0,"16":1,"17":0,"18":1},"b":{"1":[0,0],"2":[0,0],"3":[0,0]},"f":{"1":0,"2":0,"3":0},"fnMap":{"1":{"name":"lookupClass","line":7,"loc":{"start":{"line":7,"column":0},"end":{"line":7,"column":33}}},"2":{"name":"addClass","line":17,"loc":{"start":{"line":17,"column":0},"end":{"line":17,"column":34}}},"3":{"name":"rmClass","line":26,"loc":{"start":{"line":26,"column":0},"end":{"line":26,"column":33}}}},"statementMap":{"1":{"start":{"line":3,"column":0},"end":{"line":3,"column":15}},"2":{"start":{"line":4,"column":0},"end":{"line":4,"column":24}},"3":{"start":{"line":5,"column":0},"end":{"line":5,"column":22}},"4":{"start":{"line":7,"column":0},"end":{"line":15,"column":1}},"5":{"start":{"line":8,"column":2},"end":{"line":8,"column":32}},"6":{"start":{"line":9,"column":2},"end":{"line":13,"column":3}},"7":{"start":{"line":10,"column":4},"end":{"line":10,"column":25}},"8":{"start":{"line":12,"column":4},"end":{"line":12,"column":73}},"9":{"start":{"line":14,"column":2},"end":{"line":14,"column":16}},"10":{"start":{"line":17,"column":0},"end":{"line":24,"column":1}},"11":{"start":{"line":18,"column":2},"end":{"line":18,"column":29}},"12":{"start":{"line":19,"column":2},"end":{"line":23,"column":3}},"13":{"start":{"line":20,"column":4},"end":{"line":20,"column":29}},"14":{"start":{"line":21,"column":9},"end":{"line":23,"column":3}},"15":{"start":{"line":22,"column":4},"end":{"line":22,"column":36}},"16":{"start":{"line":26,"column":0},"end":{"line":28,"column":1}},"17":{"start":{"line":27,"column":2},"end":{"line":27,"column":74}},"18":{"start":{"line":30,"column":0},"end":{"line":33,"column":2}}},"branchMap":{"1":{"line":9,"type":"if","locations":[{"start":{"line":9,"column":2},"end":{"line":9,"column":2}},{"start":{"line":9,"column":2},"end":{"line":9,"column":2}}]},"2":{"line":19,"type":"if","locations":[{"start":{"line":19,"column":2},"end":{"line":19,"column":2}},{"start":{"line":19,"column":2},"end":{"line":19,"column":2}}]},"3":{"line":21,"type":"if","locations":[{"start":{"line":21,"column":9},"end":{"line":21,"column":9}},{"start":{"line":21,"column":9},"end":{"line":21,"column":9}}]}},"code":["'use strict';","","var cache = {};","var start = '(?:^|\\\\s)';","var end = '(?:\\\\s|$)';","","function lookupClass (className) {","  var cached = cache[className];","  if (cached) {","    cached.lastIndex = 0;","  } else {","    cache[className] = cached = new RegExp(start + className + end, 'g');","  }","  return cached;","}","","function addClass (el, className) {","  var current = el.className;","  if (!current.length) {","    el.className = className;","  } else if (!lookupClass(className).test(current)) {","    el.className += ' ' + className;","  }","}","","function rmClass (el, className) {","  el.className = el.className.replace(lookupClass(className), ' ').trim();","}","","module.exports = {","  add: addClass,","  rm: rmClass","};",""],"l":{"3":1,"4":1,"5":1,"7":1,"8":0,"9":0,"10":0,"12":0,"14":0,"17":1,"18":0,"19":0,"20":0,"21":0,"22":0,"26":1,"27":0,"30":1}}}